#! /usr/local/Cellar/icarus-verilog/11.0/bin/vvp
:ivl_version "11.0 (stable)";
:ivl_delay_selection "TYPICAL";
:vpi_time_precision + 0;
:vpi_module "/usr/local/Cellar/icarus-verilog/11.0/lib/ivl/system.vpi";
:vpi_module "/usr/local/Cellar/icarus-verilog/11.0/lib/ivl/vhdl_sys.vpi";
:vpi_module "/usr/local/Cellar/icarus-verilog/11.0/lib/ivl/vhdl_textio.vpi";
:vpi_module "/usr/local/Cellar/icarus-verilog/11.0/lib/ivl/v2005_math.vpi";
:vpi_module "/usr/local/Cellar/icarus-verilog/11.0/lib/ivl/va_math.vpi";
S_0x7f7f251ce8c0 .scope module, "TestBench" "TestBench" 2 3;
 .timescale 0 0;
P_0x7f7f251b74c0 .param/l "num_cycles" 0 2 9, +C4<00000000000000000000000001000000>;
v0x7f7f251ff2f0_0 .var "Clk", 0 0;
v0x7f7f251ff380_0 .var "Reset", 0 0;
v0x7f7f251ff410_0 .var/i "counter", 31 0;
v0x7f7f251ff4a0_0 .var/i "i", 31 0;
v0x7f7f251ff530_0 .var/i "outfile", 31 0;
S_0x7f7f251c6b00 .scope module, "CPU" "CPU" 2 13, 3 1 0, S_0x7f7f251ce8c0;
 .timescale 0 0;
    .port_info 0 /INPUT 1 "clk_i";
    .port_info 1 /INPUT 1 "rst_i";
    .port_info 2 /NODIR 0 "";
v0x7f7f251fb4e0_0 .net "ALUCtrl_o", 2 0, L_0x7f7f2530cfd0;  1 drivers
v0x7f7f251fb5c0_0 .net "ALUOp_o", 1 0, L_0x7f7f25305c10;  1 drivers
v0x7f7f251fb690_0 .net "ALUSrc_o", 0 0, L_0x7f7f25306890;  1 drivers
v0x7f7f251fb760_0 .net "ALUdata_i", 31 0, L_0x7f7f2530a4e0;  1 drivers
v0x7f7f251fb830_0 .net "ALUdata_o", 31 0, L_0x7f7f2530ef40;  1 drivers
v0x7f7f251fb940_0 .net "Add_PC_o", 31 0, L_0x7f7f25304ac0;  1 drivers
v0x7f7f251fba10_0 .net "Branch_o", 0 0, L_0x7f7f25308690;  1 drivers
v0x7f7f251fbaa0_0 .net "EX_MEM_ALU_result_o", 31 0, v0x7f7f251eed70_0;  1 drivers
v0x7f7f251fbb30_0 .net "EX_MEM_MemRead_o", 0 0, v0x7f7f251eeed0_0;  1 drivers
v0x7f7f251fbc40_0 .net "EX_MEM_MemWrite_o", 0 0, v0x7f7f251ef050_0;  1 drivers
v0x7f7f251fbd10_0 .net "EX_MEM_MemtoReg_o", 0 0, v0x7f7f251ef170_0;  1 drivers
v0x7f7f251fbde0_0 .net "EX_MEM_RDaddr_o", 4 0, v0x7f7f251ef330_0;  1 drivers
v0x7f7f251fbe70_0 .net "EX_MEM_RS2data_o", 31 0, v0x7f7f251ef490_0;  1 drivers
v0x7f7f251fbf40_0 .net "EX_MEM_RegWrite_o", 0 0, v0x7f7f251ef5e0_0;  1 drivers
v0x7f7f251fbfd0_0 .net "ForwardA_o", 1 0, v0x7f7f251f1e30_0;  1 drivers
v0x7f7f251fc0a0_0 .net "ForwardAdata_o", 31 0, L_0x7f7f25309ec0;  1 drivers
v0x7f7f251fc170_0 .net "ForwardB_o", 1 0, v0x7f7f251f1f00_0;  1 drivers
v0x7f7f251fc340_0 .net "ForwardBdata_o", 31 0, L_0x7f7f2530a400;  1 drivers
v0x7f7f251fc3d0_0 .net "IDEX_Flush", 0 0, v0x7f7f251fa3a0_0;  1 drivers
v0x7f7f251fc460_0 .net "IDEX_branch_PC", 31 0, v0x7f7f251fa5d0_0;  1 drivers
v0x7f7f251fc4f0_0 .net "ID_EX_ALUOp_o", 1 0, v0x7f7f251f3bd0_0;  1 drivers
v0x7f7f251fc580_0 .net "ID_EX_ALUSrc_o", 0 0, v0x7f7f251f3d30_0;  1 drivers
v0x7f7f251fc650_0 .net "ID_EX_Branch_o", 0 0, v0x7f7f251f3ed0_0;  1 drivers
v0x7f7f251fc760_0 .net "ID_EX_Imm_o", 31 0, v0x7f7f251f3ff0_0;  1 drivers
v0x7f7f251fc7f0_0 .net "ID_EX_MemRead_o", 0 0, v0x7f7f251f4190_0;  1 drivers
v0x7f7f251fc880_0 .net "ID_EX_MemWrite_o", 0 0, v0x7f7f251f42b0_0;  1 drivers
v0x7f7f251fc910_0 .net "ID_EX_MemtoReg_o", 0 0, v0x7f7f251f4410_0;  1 drivers
v0x7f7f251fc9a0_0 .net "ID_EX_RDaddr_o", 4 0, v0x7f7f251f4790_0;  1 drivers
v0x7f7f251fca30_0 .net "ID_EX_RS1addr_o", 4 0, v0x7f7f251f48f0_0;  1 drivers
v0x7f7f251fcb00_0 .net "ID_EX_RS1data_o", 31 0, v0x7f7f251f4d60_0;  1 drivers
v0x7f7f251fcbd0_0 .net "ID_EX_RS2addr_o", 4 0, v0x7f7f251f4a10_0;  1 drivers
v0x7f7f251fcca0_0 .net "ID_EX_RS2data_o", 31 0, v0x7f7f251f4e80_0;  1 drivers
v0x7f7f251fcd70_0 .net "ID_EX_RegWrite_o", 0 0, v0x7f7f251f4b50_0;  1 drivers
v0x7f7f251fc240_0 .net "ID_EX_funct_o", 9 0, v0x7f7f251f5080_0;  1 drivers
v0x7f7f251fd040_0 .net "ID_EX_pc_o", 31 0, v0x7f7f251f4570_0;  1 drivers
v0x7f7f251fd110_0 .net "IFID_Flush", 0 0, v0x7f7f251f2f00_0;  1 drivers
v0x7f7f251fd1e0_0 .net "IFID_branch_PC", 31 0, L_0x7f7f25308a10;  1 drivers
v0x7f7f251fd2b0_0 .net "IF_ID_instr_o", 31 0, v0x7f7f251f5bb0_0;  1 drivers
v0x7f7f251fd340_0 .net "IF_ID_pc_o", 31 0, v0x7f7f251f58d0_0;  1 drivers
v0x7f7f251fd3d0_0 .net "Imm_i", 11 0, L_0x7f7f25304960;  1 drivers
v0x7f7f251fd460_0 .net "Imm_o", 31 0, L_0x7f7f25309720;  1 drivers
v0x7f7f251fd4f0_0 .net "MEM_WB_ALU_result_o", 31 0, v0x7f7f251f6a90_0;  1 drivers
v0x7f7f251fd5c0_0 .net "MEM_WB_Memdata_o", 31 0, v0x7f7f251f7190_0;  1 drivers
v0x7f7f251fd690_0 .net "MEM_WB_MemtoReg_o", 0 0, v0x7f7f251f6be0_0;  1 drivers
v0x7f7f251fd760_0 .net "MEM_WB_RDaddr_o", 4 0, v0x7f7f251f6d80_0;  1 drivers
v0x7f7f251fd7f0_0 .net "MEM_WB_RegWrite_o", 0 0, v0x7f7f251f6ee0_0;  1 drivers
v0x7f7f251fd880_0 .net "MemRead_o", 0 0, L_0x7f7f25307f50;  1 drivers
v0x7f7f251fd950_0 .net "MemWrite_o", 0 0, L_0x7f7f25308340;  1 drivers
v0x7f7f251fda20_0 .net "Memdata_o", 31 0, L_0x7f7f2530f550;  1 drivers
v0x7f7f251fdab0_0 .net "MemtoReg_o", 0 0, L_0x7f7f25307bb0;  1 drivers
v0x7f7f251fdb80_0 .net "NoOp_o", 0 0, v0x7f7f251f26b0_0;  1 drivers
v0x7f7f251fdc50_0 .net "Opcode", 6 0, L_0x7f7f251ff5c0;  1 drivers
v0x7f7f251fdce0_0 .net "PCWrite", 0 0, v0x7f7f251f2760_0;  1 drivers
v0x7f7f251fddb0_0 .net "RDaddr_i", 4 0, L_0x7f7f251ff9a0;  1 drivers
v0x7f7f251fde40_0 .net "RDdata_i", 31 0, L_0x7f7f2530f5f0;  1 drivers
v0x7f7f251fdf50_0 .net "RS1addr_i", 4 0, L_0x7f7f251ff6e0;  1 drivers
v0x7f7f251fdfe0_0 .net "RS1data_o", 31 0, L_0x7f7f25308ee0;  1 drivers
v0x7f7f251fe070_0 .net "RS2addr_i", 4 0, L_0x7f7f251ff800;  1 drivers
v0x7f7f251fe100_0 .net "RS2data_o", 31 0, L_0x7f7f25309350;  1 drivers
v0x7f7f251fe1d0_0 .net "RegWrite_o", 0 0, L_0x7f7f253077e0;  1 drivers
v0x7f7f251fe2a0_0 .net "Stall_o", 0 0, v0x7f7f251f2a40_0;  1 drivers
v0x7f7f251fe330_0 .net "Zero_o", 0 0, L_0x7f7f2530d500;  1 drivers
v0x7f7f251fe400_0 .net *"_ivl_11", 2 0, L_0x7f7f251ffae0;  1 drivers
L_0x7f7f25073008 .functor BUFT 1, C4<0100011>, C4<0>, C4<0>, C4<0>;
v0x7f7f251fe490_0 .net/2u *"_ivl_14", 6 0, L_0x7f7f25073008;  1 drivers
v0x7f7f251fe520_0 .net *"_ivl_16", 0 0, L_0x7f7f251ffca0;  1 drivers
v0x7f7f251fce00_0 .net *"_ivl_19", 6 0, L_0x7f7f251ffd80;  1 drivers
v0x7f7f251fce90_0 .net *"_ivl_21", 4 0, L_0x7f7f25304080;  1 drivers
v0x7f7f251fcf20_0 .net *"_ivl_22", 11 0, L_0x7f7f25304120;  1 drivers
L_0x7f7f25073050 .functor BUFT 1, C4<1100011>, C4<0>, C4<0>, C4<0>;
v0x7f7f251fe5b0_0 .net/2u *"_ivl_24", 6 0, L_0x7f7f25073050;  1 drivers
v0x7f7f251fe640_0 .net *"_ivl_26", 0 0, L_0x7f7f253041c0;  1 drivers
v0x7f7f251fe6d0_0 .net *"_ivl_29", 0 0, L_0x7f7f25304260;  1 drivers
v0x7f7f251fe760_0 .net *"_ivl_31", 0 0, L_0x7f7f25304370;  1 drivers
v0x7f7f251fe7f0_0 .net *"_ivl_33", 5 0, L_0x7f7f25304410;  1 drivers
v0x7f7f251fe880_0 .net *"_ivl_35", 3 0, L_0x7f7f25304530;  1 drivers
v0x7f7f251fe910_0 .net *"_ivl_36", 11 0, L_0x7f7f253045d0;  1 drivers
v0x7f7f251fe9a0_0 .net *"_ivl_39", 11 0, L_0x7f7f25304780;  1 drivers
v0x7f7f251fea30_0 .net *"_ivl_40", 11 0, L_0x7f7f25304820;  1 drivers
v0x7f7f251feac0_0 .net *"_ivl_9", 6 0, L_0x7f7f251ffa40;  1 drivers
v0x7f7f251feb50_0 .net "branch_PC", 31 0, v0x7f7f251eff00_0;  1 drivers
v0x7f7f251febe0_0 .net "branch_result_o", 0 0, L_0x7f7f2530f100;  1 drivers
v0x7f7f251fec70_0 .net "clk_i", 0 0, v0x7f7f251ff2f0_0;  1 drivers
v0x7f7f251fee00_0 .net "flush", 0 0, v0x7f7f251efdc0_0;  1 drivers
v0x7f7f251fee90_0 .net "funct_i", 9 0, L_0x7f7f251ffb80;  1 drivers
v0x7f7f251fef20_0 .net "instr_o", 31 0, L_0x7f7f25304f80;  1 drivers
v0x7f7f251fefb0_0 .net "pc_i", 31 0, L_0x7f7f25304bc0;  1 drivers
v0x7f7f251ff040_0 .net "pc_o", 31 0, v0x7f7f251f8840_0;  1 drivers
v0x7f7f251ff150_0 .net "predict_o", 0 0, v0x7f7f251fad20_0;  1 drivers
v0x7f7f251ff260_0 .net "rst_i", 0 0, v0x7f7f251ff380_0;  1 drivers
L_0x7f7f251ff5c0 .part v0x7f7f251f5bb0_0, 0, 7;
L_0x7f7f251ff6e0 .part v0x7f7f251f5bb0_0, 15, 5;
L_0x7f7f251ff800 .part v0x7f7f251f5bb0_0, 20, 5;
L_0x7f7f251ff9a0 .part v0x7f7f251f5bb0_0, 7, 5;
L_0x7f7f251ffa40 .part v0x7f7f251f5bb0_0, 25, 7;
L_0x7f7f251ffae0 .part v0x7f7f251f5bb0_0, 12, 3;
L_0x7f7f251ffb80 .concat [ 3 7 0 0], L_0x7f7f251ffae0, L_0x7f7f251ffa40;
L_0x7f7f251ffca0 .cmp/eq 7, L_0x7f7f251ff5c0, L_0x7f7f25073008;
L_0x7f7f251ffd80 .part v0x7f7f251f5bb0_0, 25, 7;
L_0x7f7f25304080 .part v0x7f7f251f5bb0_0, 7, 5;
L_0x7f7f25304120 .concat [ 5 7 0 0], L_0x7f7f25304080, L_0x7f7f251ffd80;
L_0x7f7f253041c0 .cmp/eq 7, L_0x7f7f251ff5c0, L_0x7f7f25073050;
L_0x7f7f25304260 .part v0x7f7f251f5bb0_0, 31, 1;
L_0x7f7f25304370 .part v0x7f7f251f5bb0_0, 7, 1;
L_0x7f7f25304410 .part v0x7f7f251f5bb0_0, 25, 6;
L_0x7f7f25304530 .part v0x7f7f251f5bb0_0, 8, 4;
L_0x7f7f253045d0 .concat [ 4 6 1 1], L_0x7f7f25304530, L_0x7f7f25304410, L_0x7f7f25304370, L_0x7f7f25304260;
L_0x7f7f25304780 .part v0x7f7f251f5bb0_0, 20, 12;
L_0x7f7f25304820 .functor MUXZ 12, L_0x7f7f25304780, L_0x7f7f253045d0, L_0x7f7f253041c0, C4<>;
L_0x7f7f25304960 .functor MUXZ 12, L_0x7f7f25304820, L_0x7f7f25304120, L_0x7f7f251ffca0, C4<>;
S_0x7f7f251573f0 .scope module, "ALU" "ALU" 3 291, 4 10 0, S_0x7f7f251c6b00;
 .timescale 0 0;
    .port_info 0 /INPUT 32 "data1_i";
    .port_info 1 /INPUT 32 "data2_i";
    .port_info 2 /INPUT 3 "ALUCtrl_i";
    .port_info 3 /OUTPUT 32 "data_o";
    .port_info 4 /OUTPUT 1 "Zero_o";
L_0x7f7f2530d700 .functor AND 32, L_0x7f7f25309ec0, L_0x7f7f2530a4e0, C4<11111111111111111111111111111111>, C4<11111111111111111111111111111111>;
L_0x7f7f2530d850 .functor XOR 32, L_0x7f7f25309ec0, L_0x7f7f2530a4e0, C4<00000000000000000000000000000000>, C4<00000000000000000000000000000000>;
v0x7f7f25129350_0 .net "ALUCtrl_i", 2 0, L_0x7f7f2530cfd0;  alias, 1 drivers
v0x7f7f251e4650_0 .net "Zero_o", 0 0, L_0x7f7f2530d500;  alias, 1 drivers
v0x7f7f251e46f0_0 .net/s *"_ivl_0", 31 0, L_0x7f7f2530d1a0;  1 drivers
v0x7f7f251e4790_0 .net *"_ivl_10", 1 0, L_0x7f7f2530d3e0;  1 drivers
L_0x7f7f25074b08 .functor BUFT 1, C4<000>, C4<0>, C4<0>, C4<0>;
v0x7f7f251e4840_0 .net/2u *"_ivl_14", 2 0, L_0x7f7f25074b08;  1 drivers
v0x7f7f251e4930_0 .net *"_ivl_16", 0 0, L_0x7f7f2530d5e0;  1 drivers
v0x7f7f251e49d0_0 .net *"_ivl_18", 31 0, L_0x7f7f2530d700;  1 drivers
L_0x7f7f25074a30 .functor BUFT 1, C4<00000000000000000000000000000000>, C4<0>, C4<0>, C4<0>;
v0x7f7f251e4a80_0 .net/2s *"_ivl_2", 31 0, L_0x7f7f25074a30;  1 drivers
L_0x7f7f25074b50 .functor BUFT 1, C4<001>, C4<0>, C4<0>, C4<0>;
v0x7f7f251e4b30_0 .net/2u *"_ivl_20", 2 0, L_0x7f7f25074b50;  1 drivers
v0x7f7f251e4c40_0 .net *"_ivl_22", 0 0, L_0x7f7f2530d770;  1 drivers
v0x7f7f251e4ce0_0 .net *"_ivl_24", 31 0, L_0x7f7f2530d850;  1 drivers
L_0x7f7f25074b98 .functor BUFT 1, C4<010>, C4<0>, C4<0>, C4<0>;
v0x7f7f251e4d90_0 .net/2u *"_ivl_26", 2 0, L_0x7f7f25074b98;  1 drivers
v0x7f7f251e4e40_0 .net *"_ivl_28", 0 0, L_0x7f7f2530d8c0;  1 drivers
v0x7f7f251e4ee0_0 .net *"_ivl_30", 31 0, L_0x7f7f2530d9e0;  1 drivers
L_0x7f7f25074be0 .functor BUFT 1, C4<011>, C4<0>, C4<0>, C4<0>;
v0x7f7f251e4f90_0 .net/2u *"_ivl_32", 2 0, L_0x7f7f25074be0;  1 drivers
v0x7f7f251e5040_0 .net *"_ivl_34", 0 0, L_0x7f7f2530da80;  1 drivers
v0x7f7f251e50e0_0 .net *"_ivl_36", 31 0, L_0x7f7f2530dbb0;  1 drivers
L_0x7f7f25074c28 .functor BUFT 1, C4<100>, C4<0>, C4<0>, C4<0>;
v0x7f7f251e5270_0 .net/2u *"_ivl_38", 2 0, L_0x7f7f25074c28;  1 drivers
v0x7f7f251e5300_0 .net *"_ivl_4", 0 0, L_0x7f7f2530d340;  1 drivers
v0x7f7f251e53a0_0 .net *"_ivl_40", 0 0, L_0x7f7f2530d240;  1 drivers
v0x7f7f251e5440_0 .net *"_ivl_42", 31 0, L_0x7f7f2530dfb0;  1 drivers
L_0x7f7f25074c70 .functor BUFT 1, C4<101>, C4<0>, C4<0>, C4<0>;
v0x7f7f251e54f0_0 .net/2u *"_ivl_44", 2 0, L_0x7f7f25074c70;  1 drivers
v0x7f7f251e55a0_0 .net *"_ivl_46", 0 0, L_0x7f7f2530e050;  1 drivers
v0x7f7f251e5640_0 .net *"_ivl_49", 31 0, L_0x7f7f2530e0f0;  1 drivers
L_0x7f7f25074cb8 .functor BUFT 1, C4<110>, C4<0>, C4<0>, C4<0>;
v0x7f7f251e56f0_0 .net/2u *"_ivl_50", 2 0, L_0x7f7f25074cb8;  1 drivers
v0x7f7f251e57a0_0 .net *"_ivl_52", 0 0, L_0x7f7f2530e190;  1 drivers
v0x7f7f251e5840_0 .net *"_ivl_54", 31 0, L_0x7f7f2530e230;  1 drivers
L_0x7f7f25074d00 .functor BUFT 1, C4<111>, C4<0>, C4<0>, C4<0>;
v0x7f7f251e58f0_0 .net/2u *"_ivl_56", 2 0, L_0x7f7f25074d00;  1 drivers
v0x7f7f251e59a0_0 .net *"_ivl_58", 0 0, L_0x7f7f2530e2d0;  1 drivers
L_0x7f7f25074a78 .functor BUFT 1, C4<01>, C4<0>, C4<0>, C4<0>;
v0x7f7f251e5a40_0 .net/2s *"_ivl_6", 1 0, L_0x7f7f25074a78;  1 drivers
v0x7f7f251e5af0_0 .net *"_ivl_61", 4 0, L_0x7f7f2530e400;  1 drivers
v0x7f7f251e5ba0_0 .net *"_ivl_62", 31 0, L_0x7f7f2530e4a0;  1 drivers
L_0x7f7f25074d48 .functor BUFT 1, C4<00000000000000000000000000000000>, C4<0>, C4<0>, C4<0>;
v0x7f7f251e5c50_0 .net/2u *"_ivl_64", 31 0, L_0x7f7f25074d48;  1 drivers
v0x7f7f251e5190_0 .net *"_ivl_66", 31 0, L_0x7f7f2530e5e0;  1 drivers
v0x7f7f251e5ee0_0 .net *"_ivl_68", 31 0, L_0x7f7f2530e680;  1 drivers
v0x7f7f251e5f70_0 .net *"_ivl_70", 31 0, L_0x7f7f2530e810;  1 drivers
v0x7f7f251e6010_0 .net *"_ivl_72", 31 0, L_0x7f7f2530e970;  1 drivers
v0x7f7f251e60c0_0 .net *"_ivl_74", 31 0, L_0x7f7f2530eb10;  1 drivers
v0x7f7f251e6170_0 .net *"_ivl_76", 31 0, L_0x7f7f2530ec70;  1 drivers
v0x7f7f251e6220_0 .net *"_ivl_78", 31 0, L_0x7f7f2530ede0;  1 drivers
L_0x7f7f25074ac0 .functor BUFT 1, C4<00>, C4<0>, C4<0>, C4<0>;
v0x7f7f251e62d0_0 .net/2s *"_ivl_8", 1 0, L_0x7f7f25074ac0;  1 drivers
v0x7f7f251e6380_0 .net/s "data1_i", 31 0, L_0x7f7f25309ec0;  alias, 1 drivers
v0x7f7f251e6430_0 .net/s "data2_i", 31 0, L_0x7f7f2530a4e0;  alias, 1 drivers
v0x7f7f251e64e0_0 .net/s "data_o", 31 0, L_0x7f7f2530ef40;  alias, 1 drivers
L_0x7f7f2530d1a0 .arith/sub 32, L_0x7f7f25309ec0, L_0x7f7f2530a4e0;
L_0x7f7f2530d340 .cmp/eq 32, L_0x7f7f2530d1a0, L_0x7f7f25074a30;
L_0x7f7f2530d3e0 .functor MUXZ 2, L_0x7f7f25074ac0, L_0x7f7f25074a78, L_0x7f7f2530d340, C4<>;
L_0x7f7f2530d500 .part L_0x7f7f2530d3e0, 0, 1;
L_0x7f7f2530d5e0 .cmp/eq 3, L_0x7f7f2530cfd0, L_0x7f7f25074b08;
L_0x7f7f2530d770 .cmp/eq 3, L_0x7f7f2530cfd0, L_0x7f7f25074b50;
L_0x7f7f2530d8c0 .cmp/eq 3, L_0x7f7f2530cfd0, L_0x7f7f25074b98;
L_0x7f7f2530d9e0 .shift/l 32, L_0x7f7f25309ec0, L_0x7f7f2530a4e0;
L_0x7f7f2530da80 .cmp/eq 3, L_0x7f7f2530cfd0, L_0x7f7f25074be0;
L_0x7f7f2530dbb0 .arith/sum 32, L_0x7f7f25309ec0, L_0x7f7f2530a4e0;
L_0x7f7f2530d240 .cmp/eq 3, L_0x7f7f2530cfd0, L_0x7f7f25074c28;
L_0x7f7f2530dfb0 .arith/sub 32, L_0x7f7f25309ec0, L_0x7f7f2530a4e0;
L_0x7f7f2530e050 .cmp/eq 3, L_0x7f7f2530cfd0, L_0x7f7f25074c70;
L_0x7f7f2530e0f0 .arith/mult 32, L_0x7f7f25309ec0, L_0x7f7f2530a4e0;
L_0x7f7f2530e190 .cmp/eq 3, L_0x7f7f2530cfd0, L_0x7f7f25074cb8;
L_0x7f7f2530e230 .arith/sum 32, L_0x7f7f25309ec0, L_0x7f7f2530a4e0;
L_0x7f7f2530e2d0 .cmp/eq 3, L_0x7f7f2530cfd0, L_0x7f7f25074d00;
L_0x7f7f2530e400 .part L_0x7f7f2530a4e0, 0, 5;
L_0x7f7f2530e4a0 .shift/r 32, L_0x7f7f25309ec0, L_0x7f7f2530e400;
L_0x7f7f2530e5e0 .functor MUXZ 32, L_0x7f7f25074d48, L_0x7f7f2530e4a0, L_0x7f7f2530e2d0, C4<>;
L_0x7f7f2530e680 .functor MUXZ 32, L_0x7f7f2530e5e0, L_0x7f7f2530e230, L_0x7f7f2530e190, C4<>;
L_0x7f7f2530e810 .functor MUXZ 32, L_0x7f7f2530e680, L_0x7f7f2530e0f0, L_0x7f7f2530e050, C4<>;
L_0x7f7f2530e970 .functor MUXZ 32, L_0x7f7f2530e810, L_0x7f7f2530dfb0, L_0x7f7f2530d240, C4<>;
L_0x7f7f2530eb10 .functor MUXZ 32, L_0x7f7f2530e970, L_0x7f7f2530dbb0, L_0x7f7f2530da80, C4<>;
L_0x7f7f2530ec70 .functor MUXZ 32, L_0x7f7f2530eb10, L_0x7f7f2530d9e0, L_0x7f7f2530d8c0, C4<>;
L_0x7f7f2530ede0 .functor MUXZ 32, L_0x7f7f2530ec70, L_0x7f7f2530d850, L_0x7f7f2530d770, C4<>;
L_0x7f7f2530ef40 .functor MUXZ 32, L_0x7f7f2530ede0, L_0x7f7f2530d700, L_0x7f7f2530d5e0, C4<>;
S_0x7f7f251e6610 .scope module, "ALU_Control" "ALU_Control" 3 285, 5 1 0, S_0x7f7f251c6b00;
 .timescale 0 0;
    .port_info 0 /INPUT 10 "funct_i";
    .port_info 1 /INPUT 2 "ALUOp_i";
    .port_info 2 /OUTPUT 3 "ALUCtrl_o";
L_0x7f7f2530a780 .functor AND 1, L_0x7f7f2530a600, L_0x7f7f2530a6a0, C4<1>, C4<1>;
L_0x7f7f2530aab0 .functor AND 1, L_0x7f7f2530a870, L_0x7f7f2530a990, C4<1>, C4<1>;
L_0x7f7f2530ad60 .functor AND 1, L_0x7f7f2530aba0, L_0x7f7f2530ac80, C4<1>, C4<1>;
L_0x7f7f2530b050 .functor AND 1, L_0x7f7f2530ae50, L_0x7f7f2530af70, C4<1>, C4<1>;
L_0x7f7f2530b390 .functor AND 1, L_0x7f7f2530b160, L_0x7f7f2530b2b0, C4<1>, C4<1>;
L_0x7f7f2530aa30 .functor AND 1, L_0x7f7f2530b4b0, L_0x7f7f2530b690, C4<1>, C4<1>;
L_0x7f7f2530bae0 .functor AND 1, L_0x7f7f2530b8d0, L_0x7f7f2530ba40, C4<1>, C4<1>;
L_0x7f7f2530bfe0 .functor AND 1, L_0x7f7f2530bc30, L_0x7f7f2530be30, C4<1>, C4<1>;
L_0x7f7f2530c370 .functor AND 1, L_0x7f7f2530c050, L_0x7f7f2530c290, C4<1>, C4<1>;
v0x7f7f251e67d0_0 .net "ALUCtrl_o", 2 0, L_0x7f7f2530cfd0;  alias, 1 drivers
v0x7f7f251e6860_0 .net "ALUOp_i", 1 0, v0x7f7f251f3bd0_0;  alias, 1 drivers
L_0x7f7f25074250 .functor BUFT 1, C4<10>, C4<0>, C4<0>, C4<0>;
v0x7f7f251e6900_0 .net/2u *"_ivl_0", 1 0, L_0x7f7f25074250;  1 drivers
L_0x7f7f250742e0 .functor BUFT 1, C4<000>, C4<0>, C4<0>, C4<0>;
v0x7f7f251e69c0_0 .net/2u *"_ivl_10", 2 0, L_0x7f7f250742e0;  1 drivers
v0x7f7f251e6a70_0 .net *"_ivl_100", 0 0, L_0x7f7f2530c050;  1 drivers
v0x7f7f251e6b50_0 .net *"_ivl_103", 2 0, L_0x7f7f2530c130;  1 drivers
L_0x7f7f25074958 .functor BUFT 1, C4<010>, C4<0>, C4<0>, C4<0>;
v0x7f7f251e6c00_0 .net/2u *"_ivl_104", 2 0, L_0x7f7f25074958;  1 drivers
v0x7f7f251e6cb0_0 .net *"_ivl_106", 0 0, L_0x7f7f2530c290;  1 drivers
v0x7f7f251e6d50_0 .net *"_ivl_109", 0 0, L_0x7f7f2530c370;  1 drivers
L_0x7f7f250749a0 .functor BUFT 1, C4<011>, C4<0>, C4<0>, C4<0>;
v0x7f7f251e6e60_0 .net/2u *"_ivl_110", 2 0, L_0x7f7f250749a0;  1 drivers
L_0x7f7f250749e8 .functor BUFT 1, C4<100>, C4<0>, C4<0>, C4<0>;
v0x7f7f251e6f00_0 .net/2u *"_ivl_112", 2 0, L_0x7f7f250749e8;  1 drivers
v0x7f7f251e6fb0_0 .net *"_ivl_114", 2 0, L_0x7f7f2530c4b0;  1 drivers
v0x7f7f251e7060_0 .net *"_ivl_116", 2 0, L_0x7f7f2530c600;  1 drivers
v0x7f7f251e7110_0 .net *"_ivl_118", 2 0, L_0x7f7f2530c760;  1 drivers
L_0x7f7f25074328 .functor BUFT 1, C4<10>, C4<0>, C4<0>, C4<0>;
v0x7f7f251e71c0_0 .net/2u *"_ivl_12", 1 0, L_0x7f7f25074328;  1 drivers
v0x7f7f251e7270_0 .net *"_ivl_120", 2 0, L_0x7f7f2530c8c0;  1 drivers
v0x7f7f251e7320_0 .net *"_ivl_122", 2 0, L_0x7f7f2530ca20;  1 drivers
v0x7f7f251e74b0_0 .net *"_ivl_124", 2 0, L_0x7f7f2530cb90;  1 drivers
v0x7f7f251e7540_0 .net *"_ivl_126", 2 0, L_0x7f7f2530ccf0;  1 drivers
v0x7f7f251e75f0_0 .net *"_ivl_128", 2 0, L_0x7f7f2530ce70;  1 drivers
v0x7f7f251e76a0_0 .net *"_ivl_14", 0 0, L_0x7f7f2530a870;  1 drivers
L_0x7f7f25074370 .functor BUFT 1, C4<0000000100>, C4<0>, C4<0>, C4<0>;
v0x7f7f251e7740_0 .net/2u *"_ivl_16", 9 0, L_0x7f7f25074370;  1 drivers
v0x7f7f251e77f0_0 .net *"_ivl_18", 0 0, L_0x7f7f2530a990;  1 drivers
v0x7f7f251e7890_0 .net *"_ivl_2", 0 0, L_0x7f7f2530a600;  1 drivers
v0x7f7f251e7930_0 .net *"_ivl_21", 0 0, L_0x7f7f2530aab0;  1 drivers
L_0x7f7f250743b8 .functor BUFT 1, C4<001>, C4<0>, C4<0>, C4<0>;
v0x7f7f251e79d0_0 .net/2u *"_ivl_22", 2 0, L_0x7f7f250743b8;  1 drivers
L_0x7f7f25074400 .functor BUFT 1, C4<10>, C4<0>, C4<0>, C4<0>;
v0x7f7f251e7a80_0 .net/2u *"_ivl_24", 1 0, L_0x7f7f25074400;  1 drivers
v0x7f7f251e7b30_0 .net *"_ivl_26", 0 0, L_0x7f7f2530aba0;  1 drivers
L_0x7f7f25074448 .functor BUFT 1, C4<0000000001>, C4<0>, C4<0>, C4<0>;
v0x7f7f251e7bd0_0 .net/2u *"_ivl_28", 9 0, L_0x7f7f25074448;  1 drivers
v0x7f7f251e7c80_0 .net *"_ivl_30", 0 0, L_0x7f7f2530ac80;  1 drivers
v0x7f7f251e7d20_0 .net *"_ivl_33", 0 0, L_0x7f7f2530ad60;  1 drivers
L_0x7f7f25074490 .functor BUFT 1, C4<010>, C4<0>, C4<0>, C4<0>;
v0x7f7f251e7dc0_0 .net/2u *"_ivl_34", 2 0, L_0x7f7f25074490;  1 drivers
L_0x7f7f250744d8 .functor BUFT 1, C4<10>, C4<0>, C4<0>, C4<0>;
v0x7f7f251e7e70_0 .net/2u *"_ivl_36", 1 0, L_0x7f7f250744d8;  1 drivers
v0x7f7f251e73d0_0 .net *"_ivl_38", 0 0, L_0x7f7f2530ae50;  1 drivers
L_0x7f7f25074298 .functor BUFT 1, C4<0000000111>, C4<0>, C4<0>, C4<0>;
v0x7f7f251e8100_0 .net/2u *"_ivl_4", 9 0, L_0x7f7f25074298;  1 drivers
L_0x7f7f25074520 .functor BUFT 1, C4<0000000000>, C4<0>, C4<0>, C4<0>;
v0x7f7f251e8190_0 .net/2u *"_ivl_40", 9 0, L_0x7f7f25074520;  1 drivers
v0x7f7f251e8220_0 .net *"_ivl_42", 0 0, L_0x7f7f2530af70;  1 drivers
v0x7f7f251e82c0_0 .net *"_ivl_45", 0 0, L_0x7f7f2530b050;  1 drivers
L_0x7f7f25074568 .functor BUFT 1, C4<011>, C4<0>, C4<0>, C4<0>;
v0x7f7f251e8360_0 .net/2u *"_ivl_46", 2 0, L_0x7f7f25074568;  1 drivers
L_0x7f7f250745b0 .functor BUFT 1, C4<10>, C4<0>, C4<0>, C4<0>;
v0x7f7f251e8410_0 .net/2u *"_ivl_48", 1 0, L_0x7f7f250745b0;  1 drivers
v0x7f7f251e84c0_0 .net *"_ivl_50", 0 0, L_0x7f7f2530b160;  1 drivers
L_0x7f7f250745f8 .functor BUFT 1, C4<0100000000>, C4<0>, C4<0>, C4<0>;
v0x7f7f251e8560_0 .net/2u *"_ivl_52", 9 0, L_0x7f7f250745f8;  1 drivers
v0x7f7f251e8610_0 .net *"_ivl_54", 0 0, L_0x7f7f2530b2b0;  1 drivers
v0x7f7f251e86b0_0 .net *"_ivl_57", 0 0, L_0x7f7f2530b390;  1 drivers
L_0x7f7f25074640 .functor BUFT 1, C4<100>, C4<0>, C4<0>, C4<0>;
v0x7f7f251e8750_0 .net/2u *"_ivl_58", 2 0, L_0x7f7f25074640;  1 drivers
v0x7f7f251e8800_0 .net *"_ivl_6", 0 0, L_0x7f7f2530a6a0;  1 drivers
L_0x7f7f25074688 .functor BUFT 1, C4<10>, C4<0>, C4<0>, C4<0>;
v0x7f7f251e88a0_0 .net/2u *"_ivl_60", 1 0, L_0x7f7f25074688;  1 drivers
v0x7f7f251e8950_0 .net *"_ivl_62", 0 0, L_0x7f7f2530b4b0;  1 drivers
L_0x7f7f250746d0 .functor BUFT 1, C4<0000001000>, C4<0>, C4<0>, C4<0>;
v0x7f7f251e89f0_0 .net/2u *"_ivl_64", 9 0, L_0x7f7f250746d0;  1 drivers
v0x7f7f251e8aa0_0 .net *"_ivl_66", 0 0, L_0x7f7f2530b690;  1 drivers
v0x7f7f251e8b40_0 .net *"_ivl_69", 0 0, L_0x7f7f2530aa30;  1 drivers
L_0x7f7f25074718 .functor BUFT 1, C4<101>, C4<0>, C4<0>, C4<0>;
v0x7f7f251e8be0_0 .net/2u *"_ivl_70", 2 0, L_0x7f7f25074718;  1 drivers
L_0x7f7f25074760 .functor BUFT 1, C4<00>, C4<0>, C4<0>, C4<0>;
v0x7f7f251e8c90_0 .net/2u *"_ivl_72", 1 0, L_0x7f7f25074760;  1 drivers
v0x7f7f251e8d40_0 .net *"_ivl_74", 0 0, L_0x7f7f2530b8d0;  1 drivers
L_0x7f7f250747a8 .functor BUFT 1, C4<0100000101>, C4<0>, C4<0>, C4<0>;
v0x7f7f251e8de0_0 .net/2u *"_ivl_76", 9 0, L_0x7f7f250747a8;  1 drivers
v0x7f7f251e8e90_0 .net *"_ivl_78", 0 0, L_0x7f7f2530ba40;  1 drivers
v0x7f7f251e8f30_0 .net *"_ivl_81", 0 0, L_0x7f7f2530bae0;  1 drivers
L_0x7f7f250747f0 .functor BUFT 1, C4<111>, C4<0>, C4<0>, C4<0>;
v0x7f7f251e8fd0_0 .net/2u *"_ivl_82", 2 0, L_0x7f7f250747f0;  1 drivers
L_0x7f7f25074838 .functor BUFT 1, C4<00>, C4<0>, C4<0>, C4<0>;
v0x7f7f251e9080_0 .net/2u *"_ivl_84", 1 0, L_0x7f7f25074838;  1 drivers
v0x7f7f251e9130_0 .net *"_ivl_86", 0 0, L_0x7f7f2530bc30;  1 drivers
v0x7f7f251e91d0_0 .net *"_ivl_89", 2 0, L_0x7f7f2530bd90;  1 drivers
v0x7f7f251e9280_0 .net *"_ivl_9", 0 0, L_0x7f7f2530a780;  1 drivers
L_0x7f7f25074880 .functor BUFT 1, C4<000>, C4<0>, C4<0>, C4<0>;
v0x7f7f251e9320_0 .net/2u *"_ivl_90", 2 0, L_0x7f7f25074880;  1 drivers
v0x7f7f251e93d0_0 .net *"_ivl_92", 0 0, L_0x7f7f2530be30;  1 drivers
v0x7f7f251e9470_0 .net *"_ivl_95", 0 0, L_0x7f7f2530bfe0;  1 drivers
L_0x7f7f250748c8 .functor BUFT 1, C4<110>, C4<0>, C4<0>, C4<0>;
v0x7f7f251e7f10_0 .net/2u *"_ivl_96", 2 0, L_0x7f7f250748c8;  1 drivers
L_0x7f7f25074910 .functor BUFT 1, C4<00>, C4<0>, C4<0>, C4<0>;
v0x7f7f251e7fc0_0 .net/2u *"_ivl_98", 1 0, L_0x7f7f25074910;  1 drivers
v0x7f7f251e8070_0 .net "funct_i", 9 0, v0x7f7f251f5080_0;  alias, 1 drivers
L_0x7f7f2530a600 .cmp/eq 2, v0x7f7f251f3bd0_0, L_0x7f7f25074250;
L_0x7f7f2530a6a0 .cmp/eq 10, v0x7f7f251f5080_0, L_0x7f7f25074298;
L_0x7f7f2530a870 .cmp/eq 2, v0x7f7f251f3bd0_0, L_0x7f7f25074328;
L_0x7f7f2530a990 .cmp/eq 10, v0x7f7f251f5080_0, L_0x7f7f25074370;
L_0x7f7f2530aba0 .cmp/eq 2, v0x7f7f251f3bd0_0, L_0x7f7f25074400;
L_0x7f7f2530ac80 .cmp/eq 10, v0x7f7f251f5080_0, L_0x7f7f25074448;
L_0x7f7f2530ae50 .cmp/eq 2, v0x7f7f251f3bd0_0, L_0x7f7f250744d8;
L_0x7f7f2530af70 .cmp/eq 10, v0x7f7f251f5080_0, L_0x7f7f25074520;
L_0x7f7f2530b160 .cmp/eq 2, v0x7f7f251f3bd0_0, L_0x7f7f250745b0;
L_0x7f7f2530b2b0 .cmp/eq 10, v0x7f7f251f5080_0, L_0x7f7f250745f8;
L_0x7f7f2530b4b0 .cmp/eq 2, v0x7f7f251f3bd0_0, L_0x7f7f25074688;
L_0x7f7f2530b690 .cmp/eq 10, v0x7f7f251f5080_0, L_0x7f7f250746d0;
L_0x7f7f2530b8d0 .cmp/eq 2, v0x7f7f251f3bd0_0, L_0x7f7f25074760;
L_0x7f7f2530ba40 .cmp/eq 10, v0x7f7f251f5080_0, L_0x7f7f250747a8;
L_0x7f7f2530bc30 .cmp/eq 2, v0x7f7f251f3bd0_0, L_0x7f7f25074838;
L_0x7f7f2530bd90 .part v0x7f7f251f5080_0, 0, 3;
L_0x7f7f2530be30 .cmp/eq 3, L_0x7f7f2530bd90, L_0x7f7f25074880;
L_0x7f7f2530c050 .cmp/eq 2, v0x7f7f251f3bd0_0, L_0x7f7f25074910;
L_0x7f7f2530c130 .part v0x7f7f251f5080_0, 0, 3;
L_0x7f7f2530c290 .cmp/eq 3, L_0x7f7f2530c130, L_0x7f7f25074958;
L_0x7f7f2530c4b0 .functor MUXZ 3, L_0x7f7f250749e8, L_0x7f7f250749a0, L_0x7f7f2530c370, C4<>;
L_0x7f7f2530c600 .functor MUXZ 3, L_0x7f7f2530c4b0, L_0x7f7f250748c8, L_0x7f7f2530bfe0, C4<>;
L_0x7f7f2530c760 .functor MUXZ 3, L_0x7f7f2530c600, L_0x7f7f250747f0, L_0x7f7f2530bae0, C4<>;
L_0x7f7f2530c8c0 .functor MUXZ 3, L_0x7f7f2530c760, L_0x7f7f25074718, L_0x7f7f2530aa30, C4<>;
L_0x7f7f2530ca20 .functor MUXZ 3, L_0x7f7f2530c8c0, L_0x7f7f25074640, L_0x7f7f2530b390, C4<>;
L_0x7f7f2530cb90 .functor MUXZ 3, L_0x7f7f2530ca20, L_0x7f7f25074568, L_0x7f7f2530b050, C4<>;
L_0x7f7f2530ccf0 .functor MUXZ 3, L_0x7f7f2530cb90, L_0x7f7f25074490, L_0x7f7f2530ad60, C4<>;
L_0x7f7f2530ce70 .functor MUXZ 3, L_0x7f7f2530ccf0, L_0x7f7f250743b8, L_0x7f7f2530aab0, C4<>;
L_0x7f7f2530cfd0 .functor MUXZ 3, L_0x7f7f2530ce70, L_0x7f7f250742e0, L_0x7f7f2530a780, C4<>;
S_0x7f7f251e9570 .scope module, "Add_PC" "Adder" 3 118, 6 1 0, S_0x7f7f251c6b00;
 .timescale 0 0;
    .port_info 0 /INPUT 32 "data1_in";
    .port_info 1 /INPUT 32 "data2_in";
    .port_info 2 /OUTPUT 32 "data_o";
v0x7f7f251e9730_0 .net "data1_in", 31 0, v0x7f7f251f8840_0;  alias, 1 drivers
L_0x7f7f25073098 .functor BUFT 1, C4<00000000000000000000000000000100>, C4<0>, C4<0>, C4<0>;
v0x7f7f251e97d0_0 .net "data2_in", 31 0, L_0x7f7f25073098;  1 drivers
v0x7f7f251e9880_0 .net "data_o", 31 0, L_0x7f7f25304ac0;  alias, 1 drivers
L_0x7f7f25304ac0 .arith/sum 32, v0x7f7f251f8840_0, L_0x7f7f25073098;
S_0x7f7f251e9990 .scope module, "Control" "Control" 3 155, 7 7 0, S_0x7f7f251c6b00;
 .timescale 0 0;
    .port_info 0 /INPUT 7 "Op_i";
    .port_info 1 /INPUT 1 "NoOp_i";
    .port_info 2 /OUTPUT 2 "ALUOp_o";
    .port_info 3 /OUTPUT 1 "ALUSrc_o";
    .port_info 4 /OUTPUT 1 "RegWrite_o";
    .port_info 5 /OUTPUT 1 "MemtoReg_o";
    .port_info 6 /OUTPUT 1 "MemRead_o";
    .port_info 7 /OUTPUT 1 "MemWrite_o";
    .port_info 8 /OUTPUT 1 "Branch_o";
v0x7f7f251e9c80_0 .net "ALUOp_o", 1 0, L_0x7f7f25305c10;  alias, 1 drivers
v0x7f7f251e9d40_0 .net "ALUSrc_o", 0 0, L_0x7f7f25306890;  alias, 1 drivers
v0x7f7f251e9de0_0 .net "Branch_o", 0 0, L_0x7f7f25308690;  alias, 1 drivers
v0x7f7f251e9e70_0 .net "MemRead_o", 0 0, L_0x7f7f25307f50;  alias, 1 drivers
v0x7f7f251e9f10_0 .net "MemWrite_o", 0 0, L_0x7f7f25308340;  alias, 1 drivers
v0x7f7f251e9ff0_0 .net "MemtoReg_o", 0 0, L_0x7f7f25307bb0;  alias, 1 drivers
v0x7f7f251ea090_0 .net "NoOp_i", 0 0, v0x7f7f251f26b0_0;  alias, 1 drivers
v0x7f7f251ea130_0 .net "Op_i", 6 0, L_0x7f7f251ff5c0;  alias, 1 drivers
v0x7f7f251ea1e0_0 .net "RegWrite_o", 0 0, L_0x7f7f253077e0;  alias, 1 drivers
L_0x7f7f25073128 .functor BUFT 1, C4<0110011>, C4<0>, C4<0>, C4<0>;
v0x7f7f251ea2f0_0 .net/2u *"_ivl_0", 6 0, L_0x7f7f25073128;  1 drivers
L_0x7f7f25073200 .functor BUFT 1, C4<00>, C4<0>, C4<0>, C4<0>;
v0x7f7f251ea390_0 .net/2u *"_ivl_10", 1 0, L_0x7f7f25073200;  1 drivers
v0x7f7f251ea440_0 .net *"_ivl_100", 0 0, L_0x7f7f253054b0;  1 drivers
L_0x7f7f25073908 .functor BUFT 1, C4<1>, C4<0>, C4<0>, C4<0>;
v0x7f7f251ea4e0_0 .net/2u *"_ivl_102", 0 0, L_0x7f7f25073908;  1 drivers
L_0x7f7f25073950 .functor BUFT 1, C4<0100011>, C4<0>, C4<0>, C4<0>;
v0x7f7f251ea590_0 .net/2u *"_ivl_104", 6 0, L_0x7f7f25073950;  1 drivers
v0x7f7f251ea640_0 .net *"_ivl_106", 0 0, L_0x7f7f25306ad0;  1 drivers
L_0x7f7f25073998 .functor BUFT 1, C4<0>, C4<0>, C4<0>, C4<0>;
v0x7f7f251ea6e0_0 .net/2u *"_ivl_108", 0 0, L_0x7f7f25073998;  1 drivers
L_0x7f7f250739e0 .functor BUFT 1, C4<1100011>, C4<0>, C4<0>, C4<0>;
v0x7f7f251ea790_0 .net/2u *"_ivl_110", 6 0, L_0x7f7f250739e0;  1 drivers
v0x7f7f251ea920_0 .net *"_ivl_112", 0 0, L_0x7f7f25305ef0;  1 drivers
L_0x7f7f25073a28 .functor BUFT 1, C4<0>, C4<0>, C4<0>, C4<0>;
v0x7f7f251ea9b0_0 .net/2u *"_ivl_114", 0 0, L_0x7f7f25073a28;  1 drivers
L_0x7f7f25073a70 .functor BUFT 1, C4<0>, C4<0>, C4<0>, C4<0>;
v0x7f7f251eaa50_0 .net/2u *"_ivl_116", 0 0, L_0x7f7f25073a70;  1 drivers
v0x7f7f251eab00_0 .net *"_ivl_118", 0 0, L_0x7f7f25306d80;  1 drivers
L_0x7f7f25073248 .functor BUFT 1, C4<0000011>, C4<0>, C4<0>, C4<0>;
v0x7f7f251eabb0_0 .net/2u *"_ivl_12", 6 0, L_0x7f7f25073248;  1 drivers
v0x7f7f251eac60_0 .net *"_ivl_120", 0 0, L_0x7f7f25307210;  1 drivers
v0x7f7f251ead10_0 .net *"_ivl_122", 0 0, L_0x7f7f25307390;  1 drivers
v0x7f7f251eadc0_0 .net *"_ivl_124", 0 0, L_0x7f7f253074f0;  1 drivers
v0x7f7f251eae70_0 .net *"_ivl_126", 0 0, L_0x7f7f25307680;  1 drivers
L_0x7f7f25073ab8 .functor BUFT 1, C4<0>, C4<0>, C4<0>, C4<0>;
v0x7f7f251eaf20_0 .net/2u *"_ivl_130", 0 0, L_0x7f7f25073ab8;  1 drivers
L_0x7f7f25073b00 .functor BUFT 1, C4<0000011>, C4<0>, C4<0>, C4<0>;
v0x7f7f251eafd0_0 .net/2u *"_ivl_132", 6 0, L_0x7f7f25073b00;  1 drivers
v0x7f7f251eb080_0 .net *"_ivl_134", 0 0, L_0x7f7f253075d0;  1 drivers
L_0x7f7f25073b48 .functor BUFT 1, C4<1>, C4<0>, C4<0>, C4<0>;
v0x7f7f251eb120_0 .net/2u *"_ivl_136", 0 0, L_0x7f7f25073b48;  1 drivers
L_0x7f7f25073b90 .functor BUFT 1, C4<0>, C4<0>, C4<0>, C4<0>;
v0x7f7f251eb1d0_0 .net/2u *"_ivl_138", 0 0, L_0x7f7f25073b90;  1 drivers
v0x7f7f251eb280_0 .net *"_ivl_14", 0 0, L_0x7f7f253052d0;  1 drivers
v0x7f7f251eb320_0 .net *"_ivl_140", 0 0, L_0x7f7f25307a00;  1 drivers
L_0x7f7f25073bd8 .functor BUFT 1, C4<0>, C4<0>, C4<0>, C4<0>;
v0x7f7f251ea840_0 .net/2u *"_ivl_144", 0 0, L_0x7f7f25073bd8;  1 drivers
L_0x7f7f25073c20 .functor BUFT 1, C4<0000011>, C4<0>, C4<0>, C4<0>;
v0x7f7f251eb5b0_0 .net/2u *"_ivl_146", 6 0, L_0x7f7f25073c20;  1 drivers
v0x7f7f251eb640_0 .net *"_ivl_148", 0 0, L_0x7f7f25307cd0;  1 drivers
L_0x7f7f25073c68 .functor BUFT 1, C4<1>, C4<0>, C4<0>, C4<0>;
v0x7f7f251eb6d0_0 .net/2u *"_ivl_150", 0 0, L_0x7f7f25073c68;  1 drivers
L_0x7f7f25073cb0 .functor BUFT 1, C4<0>, C4<0>, C4<0>, C4<0>;
v0x7f7f251eb780_0 .net/2u *"_ivl_152", 0 0, L_0x7f7f25073cb0;  1 drivers
v0x7f7f251eb830_0 .net *"_ivl_154", 0 0, L_0x7f7f25307aa0;  1 drivers
L_0x7f7f25073cf8 .functor BUFT 1, C4<0>, C4<0>, C4<0>, C4<0>;
v0x7f7f251eb8e0_0 .net/2u *"_ivl_158", 0 0, L_0x7f7f25073cf8;  1 drivers
L_0x7f7f25073290 .functor BUFT 1, C4<00>, C4<0>, C4<0>, C4<0>;
v0x7f7f251eb990_0 .net/2u *"_ivl_16", 1 0, L_0x7f7f25073290;  1 drivers
L_0x7f7f25073d40 .functor BUFT 1, C4<0100011>, C4<0>, C4<0>, C4<0>;
v0x7f7f251eba40_0 .net/2u *"_ivl_160", 6 0, L_0x7f7f25073d40;  1 drivers
v0x7f7f251ebaf0_0 .net *"_ivl_162", 0 0, L_0x7f7f25307e30;  1 drivers
L_0x7f7f25073d88 .functor BUFT 1, C4<1>, C4<0>, C4<0>, C4<0>;
v0x7f7f251ebb90_0 .net/2u *"_ivl_164", 0 0, L_0x7f7f25073d88;  1 drivers
L_0x7f7f25073dd0 .functor BUFT 1, C4<0>, C4<0>, C4<0>, C4<0>;
v0x7f7f251ebc40_0 .net/2u *"_ivl_166", 0 0, L_0x7f7f25073dd0;  1 drivers
v0x7f7f251ebcf0_0 .net *"_ivl_168", 0 0, L_0x7f7f25308160;  1 drivers
L_0x7f7f25073e18 .functor BUFT 1, C4<0>, C4<0>, C4<0>, C4<0>;
v0x7f7f251ebda0_0 .net/2u *"_ivl_172", 0 0, L_0x7f7f25073e18;  1 drivers
L_0x7f7f25073e60 .functor BUFT 1, C4<1100011>, C4<0>, C4<0>, C4<0>;
v0x7f7f251ebe50_0 .net/2u *"_ivl_174", 6 0, L_0x7f7f25073e60;  1 drivers
v0x7f7f251ebf00_0 .net *"_ivl_176", 0 0, L_0x7f7f25308420;  1 drivers
L_0x7f7f25073ea8 .functor BUFT 1, C4<1>, C4<0>, C4<0>, C4<0>;
v0x7f7f251ebfa0_0 .net/2u *"_ivl_178", 0 0, L_0x7f7f25073ea8;  1 drivers
L_0x7f7f250732d8 .functor BUFT 1, C4<0100011>, C4<0>, C4<0>, C4<0>;
v0x7f7f251ec050_0 .net/2u *"_ivl_18", 6 0, L_0x7f7f250732d8;  1 drivers
L_0x7f7f25073ef0 .functor BUFT 1, C4<0>, C4<0>, C4<0>, C4<0>;
v0x7f7f251ec100_0 .net/2u *"_ivl_180", 0 0, L_0x7f7f25073ef0;  1 drivers
v0x7f7f251ec1b0_0 .net *"_ivl_182", 0 0, L_0x7f7f25308200;  1 drivers
v0x7f7f251ec260_0 .net *"_ivl_2", 0 0, L_0x7f7f25305070;  1 drivers
v0x7f7f251ec300_0 .net *"_ivl_20", 0 0, L_0x7f7f253053d0;  1 drivers
L_0x7f7f25073320 .functor BUFT 1, C4<00>, C4<0>, C4<0>, C4<0>;
v0x7f7f251ec3a0_0 .net/2u *"_ivl_22", 1 0, L_0x7f7f25073320;  1 drivers
L_0x7f7f25073368 .functor BUFT 1, C4<1100011>, C4<0>, C4<0>, C4<0>;
v0x7f7f251ec450_0 .net/2u *"_ivl_24", 6 0, L_0x7f7f25073368;  1 drivers
v0x7f7f251ec500_0 .net *"_ivl_26", 0 0, L_0x7f7f253055d0;  1 drivers
L_0x7f7f250733b0 .functor BUFT 1, C4<11>, C4<0>, C4<0>, C4<0>;
v0x7f7f251ec5a0_0 .net/2u *"_ivl_28", 1 0, L_0x7f7f250733b0;  1 drivers
L_0x7f7f250733f8 .functor BUFT 1, C4<00>, C4<0>, C4<0>, C4<0>;
v0x7f7f251ec650_0 .net/2u *"_ivl_30", 1 0, L_0x7f7f250733f8;  1 drivers
v0x7f7f251ec700_0 .net *"_ivl_32", 1 0, L_0x7f7f253056a0;  1 drivers
v0x7f7f251ec7b0_0 .net *"_ivl_34", 1 0, L_0x7f7f25305820;  1 drivers
v0x7f7f251ec860_0 .net *"_ivl_36", 1 0, L_0x7f7f25305980;  1 drivers
v0x7f7f251ec910_0 .net *"_ivl_38", 1 0, L_0x7f7f25305ae0;  1 drivers
L_0x7f7f25073170 .functor BUFT 1, C4<10>, C4<0>, C4<0>, C4<0>;
v0x7f7f251ec9c0_0 .net/2u *"_ivl_4", 1 0, L_0x7f7f25073170;  1 drivers
L_0x7f7f25073440 .functor BUFT 1, C4<0110011>, C4<0>, C4<0>, C4<0>;
v0x7f7f251eb3d0_0 .net/2u *"_ivl_42", 6 0, L_0x7f7f25073440;  1 drivers
v0x7f7f251eb480_0 .net *"_ivl_44", 0 0, L_0x7f7f25305d70;  1 drivers
L_0x7f7f25073488 .functor BUFT 1, C4<0>, C4<0>, C4<0>, C4<0>;
v0x7f7f251eb520_0 .net/2u *"_ivl_46", 0 0, L_0x7f7f25073488;  1 drivers
L_0x7f7f250734d0 .functor BUFT 1, C4<0010011>, C4<0>, C4<0>, C4<0>;
v0x7f7f251eca70_0 .net/2u *"_ivl_48", 6 0, L_0x7f7f250734d0;  1 drivers
v0x7f7f251ecb20_0 .net *"_ivl_50", 0 0, L_0x7f7f25305230;  1 drivers
L_0x7f7f25073518 .functor BUFT 1, C4<1>, C4<0>, C4<0>, C4<0>;
v0x7f7f251ecbc0_0 .net/2u *"_ivl_52", 0 0, L_0x7f7f25073518;  1 drivers
L_0x7f7f25073560 .functor BUFT 1, C4<0000011>, C4<0>, C4<0>, C4<0>;
v0x7f7f251ecc70_0 .net/2u *"_ivl_54", 6 0, L_0x7f7f25073560;  1 drivers
v0x7f7f251ecd20_0 .net *"_ivl_56", 0 0, L_0x7f7f25305fb0;  1 drivers
L_0x7f7f250735a8 .functor BUFT 1, C4<1>, C4<0>, C4<0>, C4<0>;
v0x7f7f251ecdc0_0 .net/2u *"_ivl_58", 0 0, L_0x7f7f250735a8;  1 drivers
L_0x7f7f250731b8 .functor BUFT 1, C4<0010011>, C4<0>, C4<0>, C4<0>;
v0x7f7f251ece70_0 .net/2u *"_ivl_6", 6 0, L_0x7f7f250731b8;  1 drivers
L_0x7f7f250735f0 .functor BUFT 1, C4<0100011>, C4<0>, C4<0>, C4<0>;
v0x7f7f251ecf20_0 .net/2u *"_ivl_60", 6 0, L_0x7f7f250735f0;  1 drivers
v0x7f7f251ecfd0_0 .net *"_ivl_62", 0 0, L_0x7f7f25306100;  1 drivers
L_0x7f7f25073638 .functor BUFT 1, C4<1>, C4<0>, C4<0>, C4<0>;
v0x7f7f251ed070_0 .net/2u *"_ivl_64", 0 0, L_0x7f7f25073638;  1 drivers
L_0x7f7f25073680 .functor BUFT 1, C4<1100011>, C4<0>, C4<0>, C4<0>;
v0x7f7f251ed120_0 .net/2u *"_ivl_66", 6 0, L_0x7f7f25073680;  1 drivers
v0x7f7f251ed1d0_0 .net *"_ivl_68", 0 0, L_0x7f7f253061a0;  1 drivers
L_0x7f7f250736c8 .functor BUFT 1, C4<0>, C4<0>, C4<0>, C4<0>;
v0x7f7f251ed270_0 .net/2u *"_ivl_70", 0 0, L_0x7f7f250736c8;  1 drivers
L_0x7f7f25073710 .functor BUFT 1, C4<0>, C4<0>, C4<0>, C4<0>;
v0x7f7f251ed320_0 .net/2u *"_ivl_72", 0 0, L_0x7f7f25073710;  1 drivers
v0x7f7f251ed3d0_0 .net *"_ivl_74", 0 0, L_0x7f7f25306320;  1 drivers
v0x7f7f251ed480_0 .net *"_ivl_76", 0 0, L_0x7f7f25306480;  1 drivers
v0x7f7f251ed530_0 .net *"_ivl_78", 0 0, L_0x7f7f253065f0;  1 drivers
v0x7f7f251ed5e0_0 .net *"_ivl_8", 0 0, L_0x7f7f25305150;  1 drivers
v0x7f7f251ed680_0 .net *"_ivl_80", 0 0, L_0x7f7f25306710;  1 drivers
L_0x7f7f25073758 .functor BUFT 1, C4<0>, C4<0>, C4<0>, C4<0>;
v0x7f7f251ed730_0 .net/2u *"_ivl_84", 0 0, L_0x7f7f25073758;  1 drivers
L_0x7f7f250737a0 .functor BUFT 1, C4<0110011>, C4<0>, C4<0>, C4<0>;
v0x7f7f251ed7e0_0 .net/2u *"_ivl_86", 6 0, L_0x7f7f250737a0;  1 drivers
v0x7f7f251ed890_0 .net *"_ivl_88", 0 0, L_0x7f7f253069f0;  1 drivers
L_0x7f7f250737e8 .functor BUFT 1, C4<1>, C4<0>, C4<0>, C4<0>;
v0x7f7f251ed930_0 .net/2u *"_ivl_90", 0 0, L_0x7f7f250737e8;  1 drivers
L_0x7f7f25073830 .functor BUFT 1, C4<0010011>, C4<0>, C4<0>, C4<0>;
v0x7f7f251ed9e0_0 .net/2u *"_ivl_92", 6 0, L_0x7f7f25073830;  1 drivers
v0x7f7f251eda90_0 .net *"_ivl_94", 0 0, L_0x7f7f253067b0;  1 drivers
L_0x7f7f25073878 .functor BUFT 1, C4<1>, C4<0>, C4<0>, C4<0>;
v0x7f7f251edb30_0 .net/2u *"_ivl_96", 0 0, L_0x7f7f25073878;  1 drivers
L_0x7f7f250738c0 .functor BUFT 1, C4<0000011>, C4<0>, C4<0>, C4<0>;
v0x7f7f251edbe0_0 .net/2u *"_ivl_98", 6 0, L_0x7f7f250738c0;  1 drivers
L_0x7f7f25305070 .cmp/eq 7, L_0x7f7f251ff5c0, L_0x7f7f25073128;
L_0x7f7f25305150 .cmp/eq 7, L_0x7f7f251ff5c0, L_0x7f7f250731b8;
L_0x7f7f253052d0 .cmp/eq 7, L_0x7f7f251ff5c0, L_0x7f7f25073248;
L_0x7f7f253053d0 .cmp/eq 7, L_0x7f7f251ff5c0, L_0x7f7f250732d8;
L_0x7f7f253055d0 .cmp/eq 7, L_0x7f7f251ff5c0, L_0x7f7f25073368;
L_0x7f7f253056a0 .functor MUXZ 2, L_0x7f7f250733f8, L_0x7f7f250733b0, L_0x7f7f253055d0, C4<>;
L_0x7f7f25305820 .functor MUXZ 2, L_0x7f7f253056a0, L_0x7f7f25073320, L_0x7f7f253053d0, C4<>;
L_0x7f7f25305980 .functor MUXZ 2, L_0x7f7f25305820, L_0x7f7f25073290, L_0x7f7f253052d0, C4<>;
L_0x7f7f25305ae0 .functor MUXZ 2, L_0x7f7f25305980, L_0x7f7f25073200, L_0x7f7f25305150, C4<>;
L_0x7f7f25305c10 .functor MUXZ 2, L_0x7f7f25305ae0, L_0x7f7f25073170, L_0x7f7f25305070, C4<>;
L_0x7f7f25305d70 .cmp/eq 7, L_0x7f7f251ff5c0, L_0x7f7f25073440;
L_0x7f7f25305230 .cmp/eq 7, L_0x7f7f251ff5c0, L_0x7f7f250734d0;
L_0x7f7f25305fb0 .cmp/eq 7, L_0x7f7f251ff5c0, L_0x7f7f25073560;
L_0x7f7f25306100 .cmp/eq 7, L_0x7f7f251ff5c0, L_0x7f7f250735f0;
L_0x7f7f253061a0 .cmp/eq 7, L_0x7f7f251ff5c0, L_0x7f7f25073680;
L_0x7f7f25306320 .functor MUXZ 1, L_0x7f7f25073710, L_0x7f7f250736c8, L_0x7f7f253061a0, C4<>;
L_0x7f7f25306480 .functor MUXZ 1, L_0x7f7f25306320, L_0x7f7f25073638, L_0x7f7f25306100, C4<>;
L_0x7f7f253065f0 .functor MUXZ 1, L_0x7f7f25306480, L_0x7f7f250735a8, L_0x7f7f25305fb0, C4<>;
L_0x7f7f25306710 .functor MUXZ 1, L_0x7f7f253065f0, L_0x7f7f25073518, L_0x7f7f25305230, C4<>;
L_0x7f7f25306890 .functor MUXZ 1, L_0x7f7f25306710, L_0x7f7f25073488, L_0x7f7f25305d70, C4<>;
L_0x7f7f253069f0 .cmp/eq 7, L_0x7f7f251ff5c0, L_0x7f7f250737a0;
L_0x7f7f253067b0 .cmp/eq 7, L_0x7f7f251ff5c0, L_0x7f7f25073830;
L_0x7f7f253054b0 .cmp/eq 7, L_0x7f7f251ff5c0, L_0x7f7f250738c0;
L_0x7f7f25306ad0 .cmp/eq 7, L_0x7f7f251ff5c0, L_0x7f7f25073950;
L_0x7f7f25305ef0 .cmp/eq 7, L_0x7f7f251ff5c0, L_0x7f7f250739e0;
L_0x7f7f25306d80 .functor MUXZ 1, L_0x7f7f25073a70, L_0x7f7f25073a28, L_0x7f7f25305ef0, C4<>;
L_0x7f7f25307210 .functor MUXZ 1, L_0x7f7f25306d80, L_0x7f7f25073998, L_0x7f7f25306ad0, C4<>;
L_0x7f7f25307390 .functor MUXZ 1, L_0x7f7f25307210, L_0x7f7f25073908, L_0x7f7f253054b0, C4<>;
L_0x7f7f253074f0 .functor MUXZ 1, L_0x7f7f25307390, L_0x7f7f25073878, L_0x7f7f253067b0, C4<>;
L_0x7f7f25307680 .functor MUXZ 1, L_0x7f7f253074f0, L_0x7f7f250737e8, L_0x7f7f253069f0, C4<>;
L_0x7f7f253077e0 .functor MUXZ 1, L_0x7f7f25307680, L_0x7f7f25073758, v0x7f7f251f26b0_0, C4<>;
L_0x7f7f253075d0 .cmp/eq 7, L_0x7f7f251ff5c0, L_0x7f7f25073b00;
L_0x7f7f25307a00 .functor MUXZ 1, L_0x7f7f25073b90, L_0x7f7f25073b48, L_0x7f7f253075d0, C4<>;
L_0x7f7f25307bb0 .functor MUXZ 1, L_0x7f7f25307a00, L_0x7f7f25073ab8, v0x7f7f251f26b0_0, C4<>;
L_0x7f7f25307cd0 .cmp/eq 7, L_0x7f7f251ff5c0, L_0x7f7f25073c20;
L_0x7f7f25307aa0 .functor MUXZ 1, L_0x7f7f25073cb0, L_0x7f7f25073c68, L_0x7f7f25307cd0, C4<>;
L_0x7f7f25307f50 .functor MUXZ 1, L_0x7f7f25307aa0, L_0x7f7f25073bd8, v0x7f7f251f26b0_0, C4<>;
L_0x7f7f25307e30 .cmp/eq 7, L_0x7f7f251ff5c0, L_0x7f7f25073d40;
L_0x7f7f25308160 .functor MUXZ 1, L_0x7f7f25073dd0, L_0x7f7f25073d88, L_0x7f7f25307e30, C4<>;
L_0x7f7f25308340 .functor MUXZ 1, L_0x7f7f25308160, L_0x7f7f25073cf8, v0x7f7f251f26b0_0, C4<>;
L_0x7f7f25308420 .cmp/eq 7, L_0x7f7f251ff5c0, L_0x7f7f25073e60;
L_0x7f7f25308200 .functor MUXZ 1, L_0x7f7f25073ef0, L_0x7f7f25073ea8, L_0x7f7f25308420, C4<>;
L_0x7f7f25308690 .functor MUXZ 1, L_0x7f7f25308200, L_0x7f7f25073e18, v0x7f7f251f26b0_0, C4<>;
S_0x7f7f251edd70 .scope module, "Data_Memory" "Data_Memory" 3 346, 8 1 0, S_0x7f7f251c6b00;
 .timescale 0 0;
    .port_info 0 /INPUT 1 "clk_i";
    .port_info 1 /INPUT 32 "addr_i";
    .port_info 2 /INPUT 1 "MemRead_i";
    .port_info 3 /INPUT 1 "MemWrite_i";
    .port_info 4 /INPUT 32 "data_i";
    .port_info 5 /OUTPUT 32 "data_o";
v0x7f7f251edfb0_0 .net "MemRead_i", 0 0, v0x7f7f251eeed0_0;  alias, 1 drivers
v0x7f7f251ee060_0 .net "MemWrite_i", 0 0, v0x7f7f251ef050_0;  alias, 1 drivers
v0x7f7f251ee100_0 .net *"_ivl_0", 31 0, L_0x7f7f2530f270;  1 drivers
v0x7f7f251ee1a0_0 .net *"_ivl_2", 31 0, L_0x7f7f2530f4b0;  1 drivers
v0x7f7f251ee250_0 .net *"_ivl_4", 29 0, L_0x7f7f2530f310;  1 drivers
L_0x7f7f25074d90 .functor BUFT 1, C4<00>, C4<0>, C4<0>, C4<0>;
v0x7f7f251ee340_0 .net *"_ivl_6", 1 0, L_0x7f7f25074d90;  1 drivers
L_0x7f7f25074dd8 .functor BUFT 1, C4<00000000000000000000000000000000>, C4<0>, C4<0>, C4<0>;
v0x7f7f251ee3f0_0 .net/2s *"_ivl_8", 31 0, L_0x7f7f25074dd8;  1 drivers
v0x7f7f251ee4a0_0 .net "addr_i", 31 0, v0x7f7f251eed70_0;  alias, 1 drivers
v0x7f7f251ee550_0 .net "clk_i", 0 0, v0x7f7f251ff2f0_0;  alias, 1 drivers
v0x7f7f251ee660_0 .net "data_i", 31 0, v0x7f7f251ef490_0;  alias, 1 drivers
v0x7f7f251ee700_0 .net "data_o", 31 0, L_0x7f7f2530f550;  alias, 1 drivers
v0x7f7f251ee7b0 .array/s "memory", 1023 0, 31 0;
E_0x7f7f251edf70 .event posedge, v0x7f7f251ee550_0;
L_0x7f7f2530f270 .array/port v0x7f7f251ee7b0, L_0x7f7f2530f4b0;
L_0x7f7f2530f310 .part v0x7f7f251eed70_0, 2, 30;
L_0x7f7f2530f4b0 .concat [ 30 2 0 0], L_0x7f7f2530f310, L_0x7f7f25074d90;
L_0x7f7f2530f550 .functor MUXZ 32, L_0x7f7f25074dd8, L_0x7f7f2530f270, v0x7f7f251eeed0_0, C4<>;
S_0x7f7f251ee8e0 .scope module, "EX_MEM" "EX_MEM" 3 326, 9 1 0, S_0x7f7f251c6b00;
 .timescale 0 0;
    .port_info 0 /INPUT 1 "clk_i";
    .port_info 1 /INPUT 1 "rst_i";
    .port_info 2 /INPUT 1 "RegWrite_i";
    .port_info 3 /INPUT 1 "MemtoReg_i";
    .port_info 4 /INPUT 1 "MemRead_i";
    .port_info 5 /INPUT 1 "MemWrite_i";
    .port_info 6 /INPUT 32 "ALU_result_i";
    .port_info 7 /INPUT 32 "RS2data_i";
    .port_info 8 /INPUT 5 "RDaddr_i";
    .port_info 9 /OUTPUT 1 "RegWrite_o";
    .port_info 10 /OUTPUT 1 "MemtoReg_o";
    .port_info 11 /OUTPUT 1 "MemRead_o";
    .port_info 12 /OUTPUT 1 "MemWrite_o";
    .port_info 13 /OUTPUT 32 "ALU_result_o";
    .port_info 14 /OUTPUT 32 "RS2data_o";
    .port_info 15 /OUTPUT 5 "RDaddr_o";
    .port_info 16 /NODIR 0 "";
v0x7f7f251eecc0_0 .net "ALU_result_i", 31 0, L_0x7f7f2530ef40;  alias, 1 drivers
v0x7f7f251eed70_0 .var "ALU_result_o", 31 0;
v0x7f7f251eee20_0 .net "MemRead_i", 0 0, v0x7f7f251f4190_0;  alias, 1 drivers
v0x7f7f251eeed0_0 .var "MemRead_o", 0 0;
v0x7f7f251eef80_0 .net "MemWrite_i", 0 0, v0x7f7f251f42b0_0;  alias, 1 drivers
v0x7f7f251ef050_0 .var "MemWrite_o", 0 0;
v0x7f7f251ef0e0_0 .net "MemtoReg_i", 0 0, v0x7f7f251f4410_0;  alias, 1 drivers
v0x7f7f251ef170_0 .var "MemtoReg_o", 0 0;
v0x7f7f251ef200_0 .net "RDaddr_i", 4 0, v0x7f7f251f4790_0;  alias, 1 drivers
v0x7f7f251ef330_0 .var "RDaddr_o", 4 0;
v0x7f7f251ef3e0_0 .net "RS2data_i", 31 0, L_0x7f7f2530a400;  alias, 1 drivers
v0x7f7f251ef490_0 .var "RS2data_o", 31 0;
v0x7f7f251ef550_0 .net "RegWrite_i", 0 0, v0x7f7f251f4b50_0;  alias, 1 drivers
v0x7f7f251ef5e0_0 .var "RegWrite_o", 0 0;
v0x7f7f251ef670_0 .net "clk_i", 0 0, v0x7f7f251ff2f0_0;  alias, 1 drivers
v0x7f7f251ef700_0 .net "rst_i", 0 0, v0x7f7f251ff380_0;  alias, 1 drivers
E_0x7f7f251ea2b0 .event posedge, v0x7f7f251ef700_0, v0x7f7f251ee550_0;
S_0x7f7f251ef900 .scope module, "Flush" "Flush" 3 317, 10 1 0, S_0x7f7f251c6b00;
 .timescale 0 0;
    .port_info 0 /INPUT 1 "IFID_Flush_i";
    .port_info 1 /INPUT 1 "IDEX_Flush_i";
    .port_info 2 /INPUT 32 "IFID_branch_PC_i";
    .port_info 3 /INPUT 32 "IDEX_branch_PC_i";
    .port_info 4 /OUTPUT 1 "IFID_Flush_o";
    .port_info 5 /OUTPUT 32 "branch_PC_o";
v0x7f7f251efbe0_0 .net "IDEX_Flush_i", 0 0, v0x7f7f251fa3a0_0;  alias, 1 drivers
v0x7f7f251efc90_0 .net "IDEX_branch_PC_i", 31 0, v0x7f7f251fa5d0_0;  alias, 1 drivers
v0x7f7f251efd30_0 .net "IFID_Flush_i", 0 0, v0x7f7f251f2f00_0;  alias, 1 drivers
v0x7f7f251efdc0_0 .var "IFID_Flush_o", 0 0;
v0x7f7f251efe50_0 .net "IFID_branch_PC_i", 31 0, L_0x7f7f25308a10;  alias, 1 drivers
v0x7f7f251eff00_0 .var "branch_PC_o", 31 0;
E_0x7f7f251efb80 .event edge, v0x7f7f251efbe0_0, v0x7f7f251efc90_0, v0x7f7f251efd30_0, v0x7f7f251efe50_0;
S_0x7f7f251f0040 .scope module, "ForwardA" "MUX32_4" 3 262, 11 1 0, S_0x7f7f251c6b00;
 .timescale 0 0;
    .port_info 0 /INPUT 32 "data1_i";
    .port_info 1 /INPUT 32 "data2_i";
    .port_info 2 /INPUT 32 "data3_i";
    .port_info 3 /INPUT 2 "select_i";
    .port_info 4 /OUTPUT 32 "data_o";
L_0x7f7f25074010 .functor BUFT 1, C4<00>, C4<0>, C4<0>, C4<0>;
v0x7f7f251f0280_0 .net/2u *"_ivl_0", 1 0, L_0x7f7f25074010;  1 drivers
v0x7f7f251f0320_0 .net *"_ivl_10", 0 0, L_0x7f7f25309be0;  1 drivers
L_0x7f7f250740e8 .functor BUFT 1, C4<xxxxxxxxxxxxxxxxxxxxxxxxxxxxxxxx>, C4<0>, C4<0>, C4<0>;
v0x7f7f251f03c0_0 .net *"_ivl_12", 31 0, L_0x7f7f250740e8;  1 drivers
v0x7f7f251f0480_0 .net *"_ivl_14", 31 0, L_0x7f7f25309c80;  1 drivers
v0x7f7f251f0530_0 .net *"_ivl_16", 31 0, L_0x7f7f25309da0;  1 drivers
v0x7f7f251f0620_0 .net *"_ivl_2", 0 0, L_0x7f7f25309a20;  1 drivers
L_0x7f7f25074058 .functor BUFT 1, C4<01>, C4<0>, C4<0>, C4<0>;
v0x7f7f251f06c0_0 .net/2u *"_ivl_4", 1 0, L_0x7f7f25074058;  1 drivers
v0x7f7f251f0770_0 .net *"_ivl_6", 0 0, L_0x7f7f25309ac0;  1 drivers
L_0x7f7f250740a0 .functor BUFT 1, C4<10>, C4<0>, C4<0>, C4<0>;
v0x7f7f251f0810_0 .net/2u *"_ivl_8", 1 0, L_0x7f7f250740a0;  1 drivers
v0x7f7f251f0920_0 .net "data1_i", 31 0, v0x7f7f251f4d60_0;  alias, 1 drivers
v0x7f7f251f09d0_0 .net "data2_i", 31 0, L_0x7f7f2530f5f0;  alias, 1 drivers
v0x7f7f251f0a80_0 .net "data3_i", 31 0, v0x7f7f251eed70_0;  alias, 1 drivers
v0x7f7f251f0b20_0 .net "data_o", 31 0, L_0x7f7f25309ec0;  alias, 1 drivers
v0x7f7f251f0bc0_0 .net "select_i", 1 0, v0x7f7f251f1e30_0;  alias, 1 drivers
L_0x7f7f25309a20 .cmp/eq 2, v0x7f7f251f1e30_0, L_0x7f7f25074010;
L_0x7f7f25309ac0 .cmp/eq 2, v0x7f7f251f1e30_0, L_0x7f7f25074058;
L_0x7f7f25309be0 .cmp/eq 2, v0x7f7f251f1e30_0, L_0x7f7f250740a0;
L_0x7f7f25309c80 .functor MUXZ 32, L_0x7f7f250740e8, v0x7f7f251eed70_0, L_0x7f7f25309be0, C4<>;
L_0x7f7f25309da0 .functor MUXZ 32, L_0x7f7f25309c80, L_0x7f7f2530f5f0, L_0x7f7f25309ac0, C4<>;
L_0x7f7f25309ec0 .functor MUXZ 32, L_0x7f7f25309da0, v0x7f7f251f4d60_0, L_0x7f7f25309a20, C4<>;
S_0x7f7f251f0ce0 .scope module, "ForwardB" "MUX32_4" 3 270, 11 1 0, S_0x7f7f251c6b00;
 .timescale 0 0;
    .port_info 0 /INPUT 32 "data1_i";
    .port_info 1 /INPUT 32 "data2_i";
    .port_info 2 /INPUT 32 "data3_i";
    .port_info 3 /INPUT 2 "select_i";
    .port_info 4 /OUTPUT 32 "data_o";
L_0x7f7f25074130 .functor BUFT 1, C4<00>, C4<0>, C4<0>, C4<0>;
v0x7f7f251f0fa0_0 .net/2u *"_ivl_0", 1 0, L_0x7f7f25074130;  1 drivers
v0x7f7f251f1060_0 .net *"_ivl_10", 0 0, L_0x7f7f2530a1e0;  1 drivers
L_0x7f7f25074208 .functor BUFT 1, C4<xxxxxxxxxxxxxxxxxxxxxxxxxxxxxxxx>, C4<0>, C4<0>, C4<0>;
v0x7f7f251f1100_0 .net *"_ivl_12", 31 0, L_0x7f7f25074208;  1 drivers
v0x7f7f251f1190_0 .net *"_ivl_14", 31 0, L_0x7f7f25306e20;  1 drivers
v0x7f7f251f1230_0 .net *"_ivl_16", 31 0, L_0x7f7f25306f40;  1 drivers
v0x7f7f251f1320_0 .net *"_ivl_2", 0 0, L_0x7f7f25309fe0;  1 drivers
L_0x7f7f25074178 .functor BUFT 1, C4<01>, C4<0>, C4<0>, C4<0>;
v0x7f7f251f13c0_0 .net/2u *"_ivl_4", 1 0, L_0x7f7f25074178;  1 drivers
v0x7f7f251f1470_0 .net *"_ivl_6", 0 0, L_0x7f7f2530a0c0;  1 drivers
L_0x7f7f250741c0 .functor BUFT 1, C4<10>, C4<0>, C4<0>, C4<0>;
v0x7f7f251f1510_0 .net/2u *"_ivl_8", 1 0, L_0x7f7f250741c0;  1 drivers
v0x7f7f251f1620_0 .net "data1_i", 31 0, v0x7f7f251f4e80_0;  alias, 1 drivers
v0x7f7f251f16d0_0 .net "data2_i", 31 0, L_0x7f7f2530f5f0;  alias, 1 drivers
v0x7f7f251f1790_0 .net "data3_i", 31 0, v0x7f7f251eed70_0;  alias, 1 drivers
v0x7f7f251f1820_0 .net "data_o", 31 0, L_0x7f7f2530a400;  alias, 1 drivers
v0x7f7f251f18b0_0 .net "select_i", 1 0, v0x7f7f251f1f00_0;  alias, 1 drivers
L_0x7f7f25309fe0 .cmp/eq 2, v0x7f7f251f1f00_0, L_0x7f7f25074130;
L_0x7f7f2530a0c0 .cmp/eq 2, v0x7f7f251f1f00_0, L_0x7f7f25074178;
L_0x7f7f2530a1e0 .cmp/eq 2, v0x7f7f251f1f00_0, L_0x7f7f250741c0;
L_0x7f7f25306e20 .functor MUXZ 32, L_0x7f7f25074208, v0x7f7f251eed70_0, L_0x7f7f2530a1e0, C4<>;
L_0x7f7f25306f40 .functor MUXZ 32, L_0x7f7f25306e20, L_0x7f7f2530f5f0, L_0x7f7f2530a0c0, C4<>;
L_0x7f7f2530a400 .functor MUXZ 32, L_0x7f7f25306f40, v0x7f7f251f4e80_0, L_0x7f7f25309fe0, C4<>;
S_0x7f7f251f19c0 .scope module, "ForwardingUnit" "Forwarding" 3 250, 12 1 0, S_0x7f7f251c6b00;
 .timescale 0 0;
    .port_info 0 /INPUT 5 "EX_RS1addr_i";
    .port_info 1 /INPUT 5 "EX_RS2addr_i";
    .port_info 2 /INPUT 1 "MEM_RegWrite_i";
    .port_info 3 /INPUT 5 "MEM_RDaddr_i";
    .port_info 4 /INPUT 1 "WB_RegWrite_i";
    .port_info 5 /INPUT 5 "WB_RDaddr_i";
    .port_info 6 /OUTPUT 2 "ForwardA_o";
    .port_info 7 /OUTPUT 2 "ForwardB_o";
v0x7f7f251f1cc0_0 .net "EX_RS1addr_i", 4 0, v0x7f7f251f48f0_0;  alias, 1 drivers
v0x7f7f251f1d80_0 .net "EX_RS2addr_i", 4 0, v0x7f7f251f4a10_0;  alias, 1 drivers
v0x7f7f251f1e30_0 .var "ForwardA_o", 1 0;
v0x7f7f251f1f00_0 .var "ForwardB_o", 1 0;
v0x7f7f251f1fb0_0 .net "MEM_RDaddr_i", 4 0, v0x7f7f251ef330_0;  alias, 1 drivers
v0x7f7f251f2080_0 .net "MEM_RegWrite_i", 0 0, v0x7f7f251ef5e0_0;  alias, 1 drivers
v0x7f7f251f2130_0 .net "WB_RDaddr_i", 4 0, v0x7f7f251f6d80_0;  alias, 1 drivers
v0x7f7f251f21c0_0 .net "WB_RegWrite_i", 0 0, v0x7f7f251f6ee0_0;  alias, 1 drivers
E_0x7f7f251efac0/0 .event edge, v0x7f7f251f2130_0, v0x7f7f251f21c0_0, v0x7f7f251ef330_0, v0x7f7f251ef5e0_0;
E_0x7f7f251efac0/1 .event edge, v0x7f7f251f1d80_0, v0x7f7f251f1cc0_0;
E_0x7f7f251efac0 .event/or E_0x7f7f251efac0/0, E_0x7f7f251efac0/1;
S_0x7f7f251f2320 .scope module, "Hazard_Detection" "Hazard_Detection" 3 202, 13 1 0, S_0x7f7f251c6b00;
 .timescale 0 0;
    .port_info 0 /INPUT 1 "MemRead_i";
    .port_info 1 /INPUT 5 "RDaddr_i";
    .port_info 2 /INPUT 5 "RS1addr_i";
    .port_info 3 /INPUT 5 "RS2addr_i";
    .port_info 4 /OUTPUT 1 "PCWrite_o";
    .port_info 5 /OUTPUT 1 "Stall_o";
    .port_info 6 /OUTPUT 1 "NoOp_o";
v0x7f7f251f25f0_0 .net "MemRead_i", 0 0, v0x7f7f251f4190_0;  alias, 1 drivers
v0x7f7f251f26b0_0 .var "NoOp_o", 0 0;
v0x7f7f251f2760_0 .var "PCWrite_o", 0 0;
v0x7f7f251f2810_0 .net "RDaddr_i", 4 0, v0x7f7f251f4790_0;  alias, 1 drivers
v0x7f7f251f28c0_0 .net "RS1addr_i", 4 0, L_0x7f7f251ff6e0;  alias, 1 drivers
v0x7f7f251f2990_0 .net "RS2addr_i", 4 0, L_0x7f7f251ff800;  alias, 1 drivers
v0x7f7f251f2a40_0 .var "Stall_o", 0 0;
E_0x7f7f251f2590 .event edge, v0x7f7f251f2990_0, v0x7f7f251f28c0_0, v0x7f7f251ef200_0, v0x7f7f251eee20_0;
S_0x7f7f251f2b90 .scope module, "ID_Branch_Unit" "Branch" 3 177, 14 1 0, S_0x7f7f251c6b00;
 .timescale 0 0;
    .port_info 0 /INPUT 1 "Branch_i";
    .port_info 1 /INPUT 1 "predict_i";
    .port_info 2 /INPUT 32 "Imm_i";
    .port_info 3 /INPUT 32 "PC_i";
    .port_info 4 /OUTPUT 1 "Flush_o";
    .port_info 5 /OUTPUT 32 "PC_o";
v0x7f7f251f2e40_0 .net "Branch_i", 0 0, L_0x7f7f25308690;  alias, 1 drivers
v0x7f7f251f2f00_0 .var "Flush_o", 0 0;
v0x7f7f251f2f90_0 .net "Imm_i", 31 0, L_0x7f7f25309720;  alias, 1 drivers
v0x7f7f251f3020_0 .net "PC_i", 31 0, v0x7f7f251f58d0_0;  alias, 1 drivers
v0x7f7f251f30c0_0 .net "PC_o", 31 0, L_0x7f7f25308a10;  alias, 1 drivers
v0x7f7f251f31a0_0 .net *"_ivl_0", 31 0, L_0x7f7f25308930;  1 drivers
v0x7f7f251f3240_0 .net *"_ivl_2", 30 0, L_0x7f7f25308890;  1 drivers
L_0x7f7f25073f38 .functor BUFT 1, C4<0>, C4<0>, C4<0>, C4<0>;
v0x7f7f251f32f0_0 .net *"_ivl_4", 0 0, L_0x7f7f25073f38;  1 drivers
v0x7f7f251f33a0_0 .net "predict_i", 0 0, v0x7f7f251fad20_0;  alias, 1 drivers
E_0x7f7f251f2e10 .event edge, v0x7f7f251f33a0_0, v0x7f7f251e9de0_0;
L_0x7f7f25308890 .part L_0x7f7f25309720, 0, 31;
L_0x7f7f25308930 .concat [ 1 31 0 0], L_0x7f7f25073f38, L_0x7f7f25308890;
L_0x7f7f25308a10 .arith/sum 32, v0x7f7f251f58d0_0, L_0x7f7f25308930;
S_0x7f7f251f3550 .scope module, "ID_EX" "ID_EX" 3 213, 15 1 0, S_0x7f7f251c6b00;
 .timescale 0 0;
    .port_info 0 /INPUT 1 "clk_i";
    .port_info 1 /INPUT 1 "rst_i";
    .port_info 2 /INPUT 1 "flush_i";
    .port_info 3 /INPUT 1 "RegWrite_i";
    .port_info 4 /INPUT 1 "MemtoReg_i";
    .port_info 5 /INPUT 1 "MemRead_i";
    .port_info 6 /INPUT 1 "MemWrite_i";
    .port_info 7 /INPUT 1 "Branch_i";
    .port_info 8 /INPUT 2 "ALUOp_i";
    .port_info 9 /INPUT 1 "ALUSrc_i";
    .port_info 10 /INPUT 32 "data1_i";
    .port_info 11 /INPUT 32 "data2_i";
    .port_info 12 /INPUT 32 "Imm_i";
    .port_info 13 /INPUT 10 "funct_i";
    .port_info 14 /INPUT 5 "RS1addr_i";
    .port_info 15 /INPUT 5 "RS2addr_i";
    .port_info 16 /INPUT 5 "RDaddr_i";
    .port_info 17 /INPUT 32 "PC_i";
    .port_info 18 /OUTPUT 1 "RegWrite_o";
    .port_info 19 /OUTPUT 1 "MemtoReg_o";
    .port_info 20 /OUTPUT 1 "MemRead_o";
    .port_info 21 /OUTPUT 1 "MemWrite_o";
    .port_info 22 /OUTPUT 1 "Branch_o";
    .port_info 23 /OUTPUT 2 "ALUOp_o";
    .port_info 24 /OUTPUT 1 "ALUSrc_o";
    .port_info 25 /OUTPUT 32 "data1_o";
    .port_info 26 /OUTPUT 32 "data2_o";
    .port_info 27 /OUTPUT 32 "Imm_o";
    .port_info 28 /OUTPUT 10 "funct_o";
    .port_info 29 /OUTPUT 5 "RS1addr_o";
    .port_info 30 /OUTPUT 5 "RS2addr_o";
    .port_info 31 /OUTPUT 5 "RDaddr_o";
    .port_info 32 /OUTPUT 32 "PC_o";
v0x7f7f251f3b40_0 .net "ALUOp_i", 1 0, L_0x7f7f25305c10;  alias, 1 drivers
v0x7f7f251f3bd0_0 .var "ALUOp_o", 1 0;
v0x7f7f251f3c60_0 .net "ALUSrc_i", 0 0, L_0x7f7f25306890;  alias, 1 drivers
v0x7f7f251f3d30_0 .var "ALUSrc_o", 0 0;
v0x7f7f251f3dc0_0 .net "Branch_i", 0 0, L_0x7f7f25308690;  alias, 1 drivers
v0x7f7f251f3ed0_0 .var "Branch_o", 0 0;
v0x7f7f251f3f60_0 .net "Imm_i", 31 0, L_0x7f7f25309720;  alias, 1 drivers
v0x7f7f251f3ff0_0 .var "Imm_o", 31 0;
v0x7f7f251f4080_0 .net "MemRead_i", 0 0, L_0x7f7f25307f50;  alias, 1 drivers
v0x7f7f251f4190_0 .var "MemRead_o", 0 0;
v0x7f7f251f4220_0 .net "MemWrite_i", 0 0, L_0x7f7f25308340;  alias, 1 drivers
v0x7f7f251f42b0_0 .var "MemWrite_o", 0 0;
v0x7f7f251f4360_0 .net "MemtoReg_i", 0 0, L_0x7f7f25307bb0;  alias, 1 drivers
v0x7f7f251f4410_0 .var "MemtoReg_o", 0 0;
v0x7f7f251f44c0_0 .net "PC_i", 31 0, v0x7f7f251f58d0_0;  alias, 1 drivers
v0x7f7f251f4570_0 .var "PC_o", 31 0;
v0x7f7f251f4600_0 .net "RDaddr_i", 4 0, L_0x7f7f251ff9a0;  alias, 1 drivers
v0x7f7f251f4790_0 .var "RDaddr_o", 4 0;
v0x7f7f251f4860_0 .net "RS1addr_i", 4 0, L_0x7f7f251ff6e0;  alias, 1 drivers
v0x7f7f251f48f0_0 .var "RS1addr_o", 4 0;
v0x7f7f251f4980_0 .net "RS2addr_i", 4 0, L_0x7f7f251ff800;  alias, 1 drivers
v0x7f7f251f4a10_0 .var "RS2addr_o", 4 0;
v0x7f7f251f4aa0_0 .net "RegWrite_i", 0 0, L_0x7f7f253077e0;  alias, 1 drivers
v0x7f7f251f4b50_0 .var "RegWrite_o", 0 0;
v0x7f7f251f4c00_0 .net "clk_i", 0 0, v0x7f7f251ff2f0_0;  alias, 1 drivers
v0x7f7f251f4cd0_0 .net "data1_i", 31 0, L_0x7f7f25308ee0;  alias, 1 drivers
v0x7f7f251f4d60_0 .var "data1_o", 31 0;
v0x7f7f251f4df0_0 .net "data2_i", 31 0, L_0x7f7f25309350;  alias, 1 drivers
v0x7f7f251f4e80_0 .var "data2_o", 31 0;
v0x7f7f251f4f40_0 .net "flush_i", 0 0, v0x7f7f251fa3a0_0;  alias, 1 drivers
v0x7f7f251f4ff0_0 .net "funct_i", 9 0, L_0x7f7f251ffb80;  alias, 1 drivers
v0x7f7f251f5080_0 .var "funct_o", 9 0;
v0x7f7f251f5140_0 .net "rst_i", 0 0, v0x7f7f251ff380_0;  alias, 1 drivers
S_0x7f7f251f55f0 .scope module, "IF_ID" "IF_ID" 3 144, 16 1 0, S_0x7f7f251c6b00;
 .timescale 0 0;
    .port_info 0 /INPUT 1 "clk_i";
    .port_info 1 /INPUT 1 "rst_i";
    .port_info 2 /INPUT 1 "flush_i";
    .port_info 3 /INPUT 1 "stall_i";
    .port_info 4 /INPUT 32 "inst_i";
    .port_info 5 /INPUT 32 "PC_i";
    .port_info 6 /OUTPUT 32 "inst_o";
    .port_info 7 /OUTPUT 32 "PC_o";
v0x7f7f251f5820_0 .net "PC_i", 31 0, v0x7f7f251f8840_0;  alias, 1 drivers
v0x7f7f251f58d0_0 .var "PC_o", 31 0;
v0x7f7f251f59a0_0 .net "clk_i", 0 0, v0x7f7f251ff2f0_0;  alias, 1 drivers
v0x7f7f251f5a30_0 .net "flush_i", 0 0, v0x7f7f251efdc0_0;  alias, 1 drivers
v0x7f7f251f5ae0_0 .net "inst_i", 31 0, L_0x7f7f25304f80;  alias, 1 drivers
v0x7f7f251f5bb0_0 .var "inst_o", 31 0;
o0x7f7f25046a18 .functor BUFZ 1, C4<z>; HiZ drive
v0x7f7f251f5c50_0 .net "rst_i", 0 0, o0x7f7f25046a18;  0 drivers
v0x7f7f251f5cf0_0 .net "stall_i", 0 0, v0x7f7f251f2a40_0;  alias, 1 drivers
o0x7f7f25046a48 .functor BUFZ 1, C4<z>; HiZ drive
v0x7f7f251f5d80_0 .net "start_i", 0 0, o0x7f7f25046a48;  0 drivers
E_0x7f7f251f37a0 .event posedge, v0x7f7f251f5c50_0, v0x7f7f251ee550_0;
S_0x7f7f251f5f10 .scope module, "Instruction_Memory" "Instruction_Memory" 3 139, 17 1 0, S_0x7f7f251c6b00;
 .timescale 0 0;
    .port_info 0 /INPUT 32 "addr_i";
    .port_info 1 /OUTPUT 32 "instr_o";
L_0x7f7f25304f80 .functor BUFZ 32, L_0x7f7f25304d60, C4<00000000000000000000000000000000>, C4<00000000000000000000000000000000>, C4<00000000000000000000000000000000>;
v0x7f7f251f6110_0 .net *"_ivl_0", 31 0, L_0x7f7f25304d60;  1 drivers
v0x7f7f251f61d0_0 .net *"_ivl_2", 31 0, L_0x7f7f25304ea0;  1 drivers
v0x7f7f251f6270_0 .net *"_ivl_4", 29 0, L_0x7f7f25304e00;  1 drivers
L_0x7f7f250730e0 .functor BUFT 1, C4<00>, C4<0>, C4<0>, C4<0>;
v0x7f7f251f6300_0 .net *"_ivl_6", 1 0, L_0x7f7f250730e0;  1 drivers
v0x7f7f251f63b0_0 .net "addr_i", 31 0, v0x7f7f251f8840_0;  alias, 1 drivers
v0x7f7f251f64d0_0 .net "instr_o", 31 0, L_0x7f7f25304f80;  alias, 1 drivers
v0x7f7f251f6560 .array "memory", 255 0, 31 0;
L_0x7f7f25304d60 .array/port v0x7f7f251f6560, L_0x7f7f25304ea0;
L_0x7f7f25304e00 .part v0x7f7f251f8840_0, 2, 30;
L_0x7f7f25304ea0 .concat [ 30 2 0 0], L_0x7f7f25304e00, L_0x7f7f250730e0;
S_0x7f7f251f6610 .scope module, "MEM_WB" "MEM_WB" 3 355, 18 1 0, S_0x7f7f251c6b00;
 .timescale 0 0;
    .port_info 0 /INPUT 1 "clk_i";
    .port_info 1 /INPUT 1 "rst_i";
    .port_info 2 /INPUT 1 "RegWrite_i";
    .port_info 3 /INPUT 1 "MemtoReg_i";
    .port_info 4 /INPUT 32 "ALU_result_i";
    .port_info 5 /INPUT 32 "data_i";
    .port_info 6 /INPUT 5 "RDaddr_i";
    .port_info 7 /OUTPUT 1 "RegWrite_o";
    .port_info 8 /OUTPUT 1 "MemtoReg_o";
    .port_info 9 /OUTPUT 32 "ALU_result_o";
    .port_info 10 /OUTPUT 32 "data_o";
    .port_info 11 /OUTPUT 5 "RDaddr_o";
    .port_info 12 /NODIR 0 "";
v0x7f7f251f6970_0 .net "ALU_result_i", 31 0, v0x7f7f251eed70_0;  alias, 1 drivers
v0x7f7f251f6a90_0 .var "ALU_result_o", 31 0;
v0x7f7f251f6b30_0 .net "MemtoReg_i", 0 0, v0x7f7f251ef170_0;  alias, 1 drivers
v0x7f7f251f6be0_0 .var "MemtoReg_o", 0 0;
v0x7f7f251f6c70_0 .net "RDaddr_i", 4 0, v0x7f7f251ef330_0;  alias, 1 drivers
v0x7f7f251f6d80_0 .var "RDaddr_o", 4 0;
v0x7f7f251f6e10_0 .net "RegWrite_i", 0 0, v0x7f7f251ef5e0_0;  alias, 1 drivers
v0x7f7f251f6ee0_0 .var "RegWrite_o", 0 0;
v0x7f7f251f6f70_0 .net "clk_i", 0 0, v0x7f7f251ff2f0_0;  alias, 1 drivers
v0x7f7f251f7100_0 .net "data_i", 31 0, L_0x7f7f2530f550;  alias, 1 drivers
v0x7f7f251f7190_0 .var "data_o", 31 0;
v0x7f7f251f7220_0 .net "rst_i", 0 0, v0x7f7f251ff380_0;  alias, 1 drivers
S_0x7f7f251f7390 .scope module, "MUX_ALUSrc" "MUX32" 3 278, 19 1 0, S_0x7f7f251c6b00;
 .timescale 0 0;
    .port_info 0 /INPUT 32 "data1_i";
    .port_info 1 /INPUT 32 "data2_i";
    .port_info 2 /INPUT 1 "select_i";
    .port_info 3 /OUTPUT 32 "data_o";
v0x7f7f251f7650_0 .net "data1_i", 31 0, L_0x7f7f2530a400;  alias, 1 drivers
v0x7f7f251f7740_0 .net "data2_i", 31 0, v0x7f7f251f3ff0_0;  alias, 1 drivers
v0x7f7f251f77d0_0 .net "data_o", 31 0, L_0x7f7f2530a4e0;  alias, 1 drivers
v0x7f7f251f7860_0 .net "select_i", 0 0, v0x7f7f251f3d30_0;  alias, 1 drivers
L_0x7f7f2530a4e0 .functor MUXZ 32, L_0x7f7f2530a400, v0x7f7f251f3ff0_0, v0x7f7f251f3d30_0, C4<>;
S_0x7f7f251f7910 .scope module, "MUX_PC" "MUX32" 3 124, 19 1 0, S_0x7f7f251c6b00;
 .timescale 0 0;
    .port_info 0 /INPUT 32 "data1_i";
    .port_info 1 /INPUT 32 "data2_i";
    .port_info 2 /INPUT 1 "select_i";
    .port_info 3 /OUTPUT 32 "data_o";
v0x7f7f251f7b30_0 .net "data1_i", 31 0, L_0x7f7f25304ac0;  alias, 1 drivers
v0x7f7f251f7c00_0 .net "data2_i", 31 0, v0x7f7f251eff00_0;  alias, 1 drivers
v0x7f7f251f7cb0_0 .net "data_o", 31 0, L_0x7f7f25304bc0;  alias, 1 drivers
v0x7f7f251f7d60_0 .net "select_i", 0 0, v0x7f7f251efdc0_0;  alias, 1 drivers
L_0x7f7f25304bc0 .functor MUXZ 32, L_0x7f7f25304ac0, v0x7f7f251eff00_0, v0x7f7f251efdc0_0, C4<>;
S_0x7f7f251f7e70 .scope module, "MUX_WriteSrc" "MUX32" 3 371, 19 1 0, S_0x7f7f251c6b00;
 .timescale 0 0;
    .port_info 0 /INPUT 32 "data1_i";
    .port_info 1 /INPUT 32 "data2_i";
    .port_info 2 /INPUT 1 "select_i";
    .port_info 3 /OUTPUT 32 "data_o";
v0x7f7f251f8090_0 .net "data1_i", 31 0, v0x7f7f251f6a90_0;  alias, 1 drivers
v0x7f7f251f8160_0 .net "data2_i", 31 0, v0x7f7f251f7190_0;  alias, 1 drivers
v0x7f7f251f8210_0 .net "data_o", 31 0, L_0x7f7f2530f5f0;  alias, 1 drivers
v0x7f7f251f8300_0 .net "select_i", 0 0, v0x7f7f251f6be0_0;  alias, 1 drivers
L_0x7f7f2530f5f0 .functor MUXZ 32, v0x7f7f251f6a90_0, v0x7f7f251f7190_0, v0x7f7f251f6be0_0, C4<>;
S_0x7f7f251f83d0 .scope module, "PC" "PC" 3 131, 20 1 0, S_0x7f7f251c6b00;
 .timescale 0 0;
    .port_info 0 /INPUT 1 "clk_i";
    .port_info 1 /INPUT 1 "rst_i";
    .port_info 2 /INPUT 1 "PCWrite_i";
    .port_info 3 /INPUT 32 "pc_i";
    .port_info 4 /OUTPUT 32 "pc_o";
v0x7f7f251f8640_0 .net "PCWrite_i", 0 0, v0x7f7f251f2760_0;  alias, 1 drivers
v0x7f7f251f86e0_0 .net "clk_i", 0 0, v0x7f7f251ff2f0_0;  alias, 1 drivers
v0x7f7f251f8770_0 .net "pc_i", 31 0, L_0x7f7f25304bc0;  alias, 1 drivers
v0x7f7f251f8840_0 .var "pc_o", 31 0;
v0x7f7f251f88d0_0 .net "rst_i", 0 0, v0x7f7f251ff380_0;  alias, 1 drivers
S_0x7f7f251f8a10 .scope module, "Registers" "Registers" 3 186, 21 1 0, S_0x7f7f251c6b00;
 .timescale 0 0;
    .port_info 0 /INPUT 1 "clk_i";
    .port_info 1 /INPUT 5 "RS1addr_i";
    .port_info 2 /INPUT 5 "RS2addr_i";
    .port_info 3 /INPUT 5 "RDaddr_i";
    .port_info 4 /INPUT 32 "RDdata_i";
    .port_info 5 /INPUT 1 "RegWrite_i";
    .port_info 6 /OUTPUT 32 "RS1data_o";
    .port_info 7 /OUTPUT 32 "RS2data_o";
L_0x7f7f25308cb0 .functor AND 1, L_0x7f7f25308b90, v0x7f7f251f6ee0_0, C4<1>, C4<1>;
L_0x7f7f253090a0 .functor AND 1, L_0x7f7f25309000, v0x7f7f251f6ee0_0, C4<1>, C4<1>;
v0x7f7f251f8cd0_0 .net "RDaddr_i", 4 0, v0x7f7f251f6d80_0;  alias, 1 drivers
v0x7f7f251f8da0_0 .net "RDdata_i", 31 0, L_0x7f7f2530f5f0;  alias, 1 drivers
v0x7f7f251f8e30_0 .net "RS1addr_i", 4 0, L_0x7f7f251ff6e0;  alias, 1 drivers
v0x7f7f251f8f00_0 .net/s "RS1data_o", 31 0, L_0x7f7f25308ee0;  alias, 1 drivers
v0x7f7f251f8f90_0 .net "RS2addr_i", 4 0, L_0x7f7f251ff800;  alias, 1 drivers
v0x7f7f251f90a0_0 .net/s "RS2data_o", 31 0, L_0x7f7f25309350;  alias, 1 drivers
v0x7f7f251f9130_0 .net "RegWrite_i", 0 0, v0x7f7f251f6ee0_0;  alias, 1 drivers
v0x7f7f251f9200_0 .net *"_ivl_0", 0 0, L_0x7f7f25308b90;  1 drivers
v0x7f7f251f9290_0 .net *"_ivl_12", 0 0, L_0x7f7f25309000;  1 drivers
v0x7f7f251f93a0_0 .net *"_ivl_15", 0 0, L_0x7f7f253090a0;  1 drivers
v0x7f7f251f9430_0 .net *"_ivl_16", 31 0, L_0x7f7f25309150;  1 drivers
v0x7f7f251f94c0_0 .net *"_ivl_18", 6 0, L_0x7f7f253091f0;  1 drivers
L_0x7f7f25073fc8 .functor BUFT 1, C4<00>, C4<0>, C4<0>, C4<0>;
v0x7f7f251f9570_0 .net *"_ivl_21", 1 0, L_0x7f7f25073fc8;  1 drivers
v0x7f7f251f9620_0 .net *"_ivl_3", 0 0, L_0x7f7f25308cb0;  1 drivers
v0x7f7f251f96c0_0 .net *"_ivl_4", 31 0, L_0x7f7f25308da0;  1 drivers
v0x7f7f251f9770_0 .net *"_ivl_6", 6 0, L_0x7f7f25308e40;  1 drivers
L_0x7f7f25073f80 .functor BUFT 1, C4<00>, C4<0>, C4<0>, C4<0>;
v0x7f7f251f9820_0 .net *"_ivl_9", 1 0, L_0x7f7f25073f80;  1 drivers
v0x7f7f251f99b0_0 .net "clk_i", 0 0, v0x7f7f251ff2f0_0;  alias, 1 drivers
v0x7f7f251f9a40 .array/s "register", 31 0, 31 0;
L_0x7f7f25308b90 .cmp/eq 5, L_0x7f7f251ff6e0, v0x7f7f251f6d80_0;
L_0x7f7f25308da0 .array/port v0x7f7f251f9a40, L_0x7f7f25308e40;
L_0x7f7f25308e40 .concat [ 5 2 0 0], L_0x7f7f251ff6e0, L_0x7f7f25073f80;
L_0x7f7f25308ee0 .functor MUXZ 32, L_0x7f7f25308da0, L_0x7f7f2530f5f0, L_0x7f7f25308cb0, C4<>;
L_0x7f7f25309000 .cmp/eq 5, L_0x7f7f251ff800, v0x7f7f251f6d80_0;
L_0x7f7f25309150 .array/port v0x7f7f251f9a40, L_0x7f7f253091f0;
L_0x7f7f253091f0 .concat [ 5 2 0 0], L_0x7f7f251ff800, L_0x7f7f25073fc8;
L_0x7f7f25309350 .functor MUXZ 32, L_0x7f7f25309150, L_0x7f7f2530f5f0, L_0x7f7f253090a0, C4<>;
S_0x7f7f251f9b80 .scope module, "Sign_Extend" "Sign_Extend" 3 197, 22 1 0, S_0x7f7f251c6b00;
 .timescale 0 0;
    .port_info 0 /INPUT 12 "data_i";
    .port_info 1 /OUTPUT 32 "data_o";
v0x7f7f251f9d20_0 .net *"_ivl_1", 0 0, L_0x7f7f25309470;  1 drivers
v0x7f7f251f9dc0_0 .net *"_ivl_2", 19 0, L_0x7f7f25309510;  1 drivers
v0x7f7f251f9e60_0 .net "data_i", 11 0, L_0x7f7f25304960;  alias, 1 drivers
v0x7f7f251f9ef0_0 .net "data_o", 31 0, L_0x7f7f25309720;  alias, 1 drivers
L_0x7f7f25309470 .part L_0x7f7f25304960, 11, 1;
LS_0x7f7f25309510_0_0 .concat [ 1 1 1 1], L_0x7f7f25309470, L_0x7f7f25309470, L_0x7f7f25309470, L_0x7f7f25309470;
LS_0x7f7f25309510_0_4 .concat [ 1 1 1 1], L_0x7f7f25309470, L_0x7f7f25309470, L_0x7f7f25309470, L_0x7f7f25309470;
LS_0x7f7f25309510_0_8 .concat [ 1 1 1 1], L_0x7f7f25309470, L_0x7f7f25309470, L_0x7f7f25309470, L_0x7f7f25309470;
LS_0x7f7f25309510_0_12 .concat [ 1 1 1 1], L_0x7f7f25309470, L_0x7f7f25309470, L_0x7f7f25309470, L_0x7f7f25309470;
LS_0x7f7f25309510_0_16 .concat [ 1 1 1 1], L_0x7f7f25309470, L_0x7f7f25309470, L_0x7f7f25309470, L_0x7f7f25309470;
LS_0x7f7f25309510_1_0 .concat [ 4 4 4 4], LS_0x7f7f25309510_0_0, LS_0x7f7f25309510_0_4, LS_0x7f7f25309510_0_8, LS_0x7f7f25309510_0_12;
LS_0x7f7f25309510_1_4 .concat [ 4 0 0 0], LS_0x7f7f25309510_0_16;
L_0x7f7f25309510 .concat [ 16 4 0 0], LS_0x7f7f25309510_1_0, LS_0x7f7f25309510_1_4;
L_0x7f7f25309720 .concat [ 12 20 0 0], L_0x7f7f25304960, L_0x7f7f25309510;
S_0x7f7f251fa000 .scope module, "branch_check" "branch_check" 3 306, 23 1 0, S_0x7f7f251c6b00;
 .timescale 0 0;
    .port_info 0 /INPUT 1 "Branch_i";
    .port_info 1 /INPUT 1 "branch_result_i";
    .port_info 2 /INPUT 1 "predict_i";
    .port_info 3 /INPUT 32 "Imm_i";
    .port_info 4 /INPUT 32 "PC_i";
    .port_info 5 /OUTPUT 1 "Flush_o";
    .port_info 6 /OUTPUT 32 "PC_o";
v0x7f7f251fa2e0_0 .net "Branch_i", 0 0, v0x7f7f251f3ed0_0;  alias, 1 drivers
v0x7f7f251fa3a0_0 .var "Flush_o", 0 0;
v0x7f7f251fa470_0 .net "Imm_i", 31 0, v0x7f7f251f3ff0_0;  alias, 1 drivers
v0x7f7f251fa540_0 .net "PC_i", 31 0, v0x7f7f251f4570_0;  alias, 1 drivers
v0x7f7f251fa5d0_0 .var "PC_o", 31 0;
v0x7f7f251fa6a0_0 .net "branch_result_i", 0 0, L_0x7f7f2530f100;  alias, 1 drivers
v0x7f7f251fa730_0 .net "predict_i", 0 0, v0x7f7f251fad20_0;  alias, 1 drivers
E_0x7f7f251fa2b0 .event edge, v0x7f7f251f33a0_0, v0x7f7f251fa6a0_0, v0x7f7f251f3ed0_0;
S_0x7f7f251fa880 .scope module, "branch_predictor" "branch_predictor" 3 167, 24 1 0, S_0x7f7f251c6b00;
 .timescale 0 0;
    .port_info 0 /INPUT 1 "clk_i";
    .port_info 1 /INPUT 1 "rst_i";
    .port_info 2 /INPUT 1 "Branch_i";
    .port_info 3 /INPUT 1 "update_i";
    .port_info 4 /INPUT 1 "result_i";
    .port_info 5 /OUTPUT 1 "predict_o";
v0x7f7f251fab50_0 .net "Branch_i", 0 0, v0x7f7f251f3ed0_0;  alias, 1 drivers
v0x7f7f251fabf0_0 .net "clk_i", 0 0, v0x7f7f251ff2f0_0;  alias, 1 drivers
v0x7f7f251fac90_0 .var "history", 1 0;
v0x7f7f251fad20_0 .var "predict_o", 0 0;
v0x7f7f251fadf0_0 .net "result_i", 0 0, v0x7f7f251fad20_0;  alias, 1 drivers
v0x7f7f251faec0_0 .net "rst_i", 0 0, v0x7f7f251ff380_0;  alias, 1 drivers
v0x7f7f251fafd0_0 .net "update_i", 0 0, L_0x7f7f2530f100;  alias, 1 drivers
E_0x7f7f251fab00 .event edge, v0x7f7f251fac90_0;
S_0x7f7f251fb080 .scope module, "branch_result" "branch_result" 3 300, 25 1 0, S_0x7f7f251c6b00;
 .timescale 0 0;
    .port_info 0 /INPUT 1 "Zero_i";
    .port_info 1 /INPUT 1 "Branch_i";
    .port_info 2 /OUTPUT 1 "result_o";
L_0x7f7f2530f100 .functor AND 1, L_0x7f7f2530d500, v0x7f7f251f3ed0_0, C4<1>, C4<1>;
v0x7f7f251fb2b0_0 .net "Branch_i", 0 0, v0x7f7f251f3ed0_0;  alias, 1 drivers
v0x7f7f251fb350_0 .net "Zero_i", 0 0, L_0x7f7f2530d500;  alias, 1 drivers
v0x7f7f251fb3f0_0 .net "result_o", 0 0, L_0x7f7f2530f100;  alias, 1 drivers
    .scope S_0x7f7f251f83d0;
T_0 ;
    %pushi/vec4 0, 0, 32;
    %store/vec4 v0x7f7f251f8840_0, 0, 32;
    %end;
    .thread T_0;
    .scope S_0x7f7f251f83d0;
T_1 ;
    %wait E_0x7f7f251ea2b0;
    %load/vec4 v0x7f7f251f88d0_0;
    %flag_set/vec4 8;
    %jmp/0xz  T_1.0, 8;
    %pushi/vec4 0, 0, 32;
    %assign/vec4 v0x7f7f251f8840_0, 0;
    %jmp T_1.1;
T_1.0 ;
    %load/vec4 v0x7f7f251f8640_0;
    %flag_set/vec4 8;
    %jmp/0xz  T_1.2, 8;
    %load/vec4 v0x7f7f251f8770_0;
    %assign/vec4 v0x7f7f251f8840_0, 0;
T_1.2 ;
T_1.1 ;
    %jmp T_1;
    .thread T_1;
    .scope S_0x7f7f251f55f0;
T_2 ;
    %wait E_0x7f7f251f37a0;
    %load/vec4 v0x7f7f251f5c50_0;
    %flag_set/vec4 8;
    %jmp/0xz  T_2.0, 8;
    %pushi/vec4 0, 0, 32;
    %assign/vec4 v0x7f7f251f5bb0_0, 0;
    %pushi/vec4 0, 0, 32;
    %assign/vec4 v0x7f7f251f58d0_0, 0;
    %jmp T_2.1;
T_2.0 ;
    %load/vec4 v0x7f7f251f5cf0_0;
    %nor/r;
    %load/vec4 v0x7f7f251f5a30_0;
    %nor/r;
    %and;
    %flag_set/vec4 8;
    %jmp/0xz  T_2.2, 8;
    %load/vec4 v0x7f7f251f5ae0_0;
    %assign/vec4 v0x7f7f251f5bb0_0, 0;
    %load/vec4 v0x7f7f251f5820_0;
    %assign/vec4 v0x7f7f251f58d0_0, 0;
T_2.2 ;
    %load/vec4 v0x7f7f251f5a30_0;
    %flag_set/vec4 8;
    %jmp/0xz  T_2.4, 8;
    %pushi/vec4 0, 0, 32;
    %assign/vec4 v0x7f7f251f5bb0_0, 0;
    %pushi/vec4 0, 0, 32;
    %assign/vec4 v0x7f7f251f58d0_0, 0;
T_2.4 ;
T_2.1 ;
    %jmp T_2;
    .thread T_2;
    .scope S_0x7f7f251fa880;
T_3 ;
    %wait E_0x7f7f251fab00;
    %load/vec4 v0x7f7f251fac90_0;
    %cmpi/e 3, 0, 2;
    %flag_mov 8, 4;
    %load/vec4 v0x7f7f251fac90_0;
    %cmpi/e 2, 0, 2;
    %flag_or 4, 8;
    %jmp/0xz  T_3.0, 4;
    %pushi/vec4 1, 0, 1;
    %store/vec4 v0x7f7f251fad20_0, 0, 1;
    %jmp T_3.1;
T_3.0 ;
    %pushi/vec4 0, 0, 1;
    %store/vec4 v0x7f7f251fad20_0, 0, 1;
T_3.1 ;
    %jmp T_3;
    .thread T_3, $push;
    .scope S_0x7f7f251fa880;
T_4 ;
    %wait E_0x7f7f251ea2b0;
    %load/vec4 v0x7f7f251faec0_0;
    %flag_set/vec4 8;
    %jmp/0xz  T_4.0, 8;
    %pushi/vec4 3, 0, 2;
    %store/vec4 v0x7f7f251fac90_0, 0, 2;
    %jmp T_4.1;
T_4.0 ;
    %load/vec4 v0x7f7f251fab50_0;
    %flag_set/vec4 8;
    %jmp/0xz  T_4.2, 8;
    %load/vec4 v0x7f7f251fafd0_0;
    %load/vec4 v0x7f7f251fadf0_0;
    %cmp/e;
    %jmp/0xz  T_4.4, 4;
    %load/vec4 v0x7f7f251fac90_0;
    %cmpi/e 3, 0, 2;
    %flag_mov 8, 4;
    %load/vec4 v0x7f7f251fac90_0;
    %cmpi/e 2, 0, 2;
    %flag_or 4, 8;
    %jmp/0xz  T_4.6, 4;
    %pushi/vec4 3, 0, 2;
    %store/vec4 v0x7f7f251fac90_0, 0, 2;
    %jmp T_4.7;
T_4.6 ;
    %load/vec4 v0x7f7f251fac90_0;
    %cmpi/e 1, 0, 2;
    %flag_mov 8, 4;
    %load/vec4 v0x7f7f251fac90_0;
    %cmpi/e 0, 0, 2;
    %flag_or 4, 8;
    %jmp/0xz  T_4.8, 4;
    %pushi/vec4 0, 0, 2;
    %store/vec4 v0x7f7f251fac90_0, 0, 2;
T_4.8 ;
T_4.7 ;
    %jmp T_4.5;
T_4.4 ;
    %load/vec4 v0x7f7f251fac90_0;
    %cmpi/e 3, 0, 2;
    %jmp/0xz  T_4.10, 4;
    %pushi/vec4 2, 0, 2;
    %store/vec4 v0x7f7f251fac90_0, 0, 2;
    %jmp T_4.11;
T_4.10 ;
    %load/vec4 v0x7f7f251fac90_0;
    %cmpi/e 2, 0, 2;
    %jmp/0xz  T_4.12, 4;
    %pushi/vec4 1, 0, 2;
    %store/vec4 v0x7f7f251fac90_0, 0, 2;
    %jmp T_4.13;
T_4.12 ;
    %load/vec4 v0x7f7f251fac90_0;
    %cmpi/e 1, 0, 2;
    %jmp/0xz  T_4.14, 4;
    %pushi/vec4 2, 0, 2;
    %store/vec4 v0x7f7f251fac90_0, 0, 2;
    %jmp T_4.15;
T_4.14 ;
    %load/vec4 v0x7f7f251fac90_0;
    %cmpi/e 0, 0, 2;
    %jmp/0xz  T_4.16, 4;
    %pushi/vec4 1, 0, 2;
    %store/vec4 v0x7f7f251fac90_0, 0, 2;
T_4.16 ;
T_4.15 ;
T_4.13 ;
T_4.11 ;
T_4.5 ;
T_4.2 ;
T_4.1 ;
    %jmp T_4;
    .thread T_4;
    .scope S_0x7f7f251f2b90;
T_5 ;
    %wait E_0x7f7f251f2e10;
    %pushi/vec4 0, 0, 1;
    %store/vec4 v0x7f7f251f2f00_0, 0, 1;
    %load/vec4 v0x7f7f251f2e40_0;
    %load/vec4 v0x7f7f251f33a0_0;
    %and;
    %flag_set/vec4 8;
    %jmp/0xz  T_5.0, 8;
    %pushi/vec4 1, 0, 1;
    %store/vec4 v0x7f7f251f2f00_0, 0, 1;
T_5.0 ;
    %jmp T_5;
    .thread T_5, $push;
    .scope S_0x7f7f251f8a10;
T_6 ;
    %wait E_0x7f7f251edf70;
    %load/vec4 v0x7f7f251f9130_0;
    %load/vec4 v0x7f7f251f8cd0_0;
    %pushi/vec4 0, 0, 5;
    %cmp/ne;
    %flag_get/vec4 4;
    %and;
    %flag_set/vec4 8;
    %jmp/0xz  T_6.0, 8;
    %load/vec4 v0x7f7f251f8da0_0;
    %load/vec4 v0x7f7f251f8cd0_0;
    %pad/u 7;
    %ix/vec4 3;
    %ix/load 4, 0, 0; Constant delay
    %assign/vec4/a/d v0x7f7f251f9a40, 0, 4;
T_6.0 ;
    %jmp T_6;
    .thread T_6;
    .scope S_0x7f7f251f2320;
T_7 ;
    %wait E_0x7f7f251f2590;
    %pushi/vec4 1, 0, 1;
    %store/vec4 v0x7f7f251f2760_0, 0, 1;
    %pushi/vec4 0, 0, 1;
    %store/vec4 v0x7f7f251f2a40_0, 0, 1;
    %pushi/vec4 0, 0, 1;
    %store/vec4 v0x7f7f251f26b0_0, 0, 1;
    %load/vec4 v0x7f7f251f25f0_0;
    %load/vec4 v0x7f7f251f2810_0;
    %load/vec4 v0x7f7f251f28c0_0;
    %cmp/e;
    %flag_get/vec4 4;
    %load/vec4 v0x7f7f251f2810_0;
    %load/vec4 v0x7f7f251f2990_0;
    %cmp/e;
    %flag_get/vec4 4;
    %or;
    %and;
    %flag_set/vec4 8;
    %jmp/0xz  T_7.0, 8;
    %pushi/vec4 0, 0, 1;
    %store/vec4 v0x7f7f251f2760_0, 0, 1;
    %pushi/vec4 1, 0, 1;
    %store/vec4 v0x7f7f251f2a40_0, 0, 1;
    %pushi/vec4 1, 0, 1;
    %store/vec4 v0x7f7f251f26b0_0, 0, 1;
T_7.0 ;
    %jmp T_7;
    .thread T_7, $push;
    .scope S_0x7f7f251f3550;
T_8 ;
    %wait E_0x7f7f251ea2b0;
    %load/vec4 v0x7f7f251f5140_0;
    %flag_set/vec4 8;
    %jmp/0xz  T_8.0, 8;
    %pushi/vec4 0, 0, 1;
    %assign/vec4 v0x7f7f251f4b50_0, 0;
    %pushi/vec4 0, 0, 1;
    %assign/vec4 v0x7f7f251f4410_0, 0;
    %pushi/vec4 0, 0, 1;
    %assign/vec4 v0x7f7f251f4190_0, 0;
    %pushi/vec4 0, 0, 1;
    %assign/vec4 v0x7f7f251f42b0_0, 0;
    %pushi/vec4 0, 0, 1;
    %assign/vec4 v0x7f7f251f3ed0_0, 0;
    %pushi/vec4 0, 0, 2;
    %assign/vec4 v0x7f7f251f3bd0_0, 0;
    %pushi/vec4 0, 0, 1;
    %assign/vec4 v0x7f7f251f3d30_0, 0;
    %pushi/vec4 0, 0, 32;
    %assign/vec4 v0x7f7f251f4d60_0, 0;
    %pushi/vec4 0, 0, 32;
    %assign/vec4 v0x7f7f251f4e80_0, 0;
    %pushi/vec4 0, 0, 32;
    %assign/vec4 v0x7f7f251f3ff0_0, 0;
    %pushi/vec4 0, 0, 10;
    %assign/vec4 v0x7f7f251f5080_0, 0;
    %pushi/vec4 0, 0, 5;
    %assign/vec4 v0x7f7f251f48f0_0, 0;
    %pushi/vec4 0, 0, 5;
    %assign/vec4 v0x7f7f251f4a10_0, 0;
    %pushi/vec4 0, 0, 5;
    %assign/vec4 v0x7f7f251f4790_0, 0;
    %pushi/vec4 0, 0, 32;
    %assign/vec4 v0x7f7f251f4570_0, 0;
    %jmp T_8.1;
T_8.0 ;
    %load/vec4 v0x7f7f251f4aa0_0;
    %assign/vec4 v0x7f7f251f4b50_0, 0;
    %load/vec4 v0x7f7f251f4360_0;
    %assign/vec4 v0x7f7f251f4410_0, 0;
    %load/vec4 v0x7f7f251f4080_0;
    %assign/vec4 v0x7f7f251f4190_0, 0;
    %load/vec4 v0x7f7f251f4220_0;
    %assign/vec4 v0x7f7f251f42b0_0, 0;
    %load/vec4 v0x7f7f251f3dc0_0;
    %assign/vec4 v0x7f7f251f3ed0_0, 0;
    %load/vec4 v0x7f7f251f3b40_0;
    %assign/vec4 v0x7f7f251f3bd0_0, 0;
    %load/vec4 v0x7f7f251f3c60_0;
    %assign/vec4 v0x7f7f251f3d30_0, 0;
    %load/vec4 v0x7f7f251f4cd0_0;
    %assign/vec4 v0x7f7f251f4d60_0, 0;
    %load/vec4 v0x7f7f251f4df0_0;
    %assign/vec4 v0x7f7f251f4e80_0, 0;
    %load/vec4 v0x7f7f251f3f60_0;
    %assign/vec4 v0x7f7f251f3ff0_0, 0;
    %load/vec4 v0x7f7f251f4ff0_0;
    %assign/vec4 v0x7f7f251f5080_0, 0;
    %load/vec4 v0x7f7f251f4860_0;
    %assign/vec4 v0x7f7f251f48f0_0, 0;
    %load/vec4 v0x7f7f251f4980_0;
    %assign/vec4 v0x7f7f251f4a10_0, 0;
    %load/vec4 v0x7f7f251f4600_0;
    %assign/vec4 v0x7f7f251f4790_0, 0;
    %load/vec4 v0x7f7f251f44c0_0;
    %assign/vec4 v0x7f7f251f4570_0, 0;
    %load/vec4 v0x7f7f251f4f40_0;
    %flag_set/vec4 8;
    %jmp/0xz  T_8.2, 8;
    %pushi/vec4 0, 0, 1;
    %assign/vec4 v0x7f7f251f4b50_0, 0;
    %pushi/vec4 0, 0, 1;
    %assign/vec4 v0x7f7f251f4410_0, 0;
    %pushi/vec4 0, 0, 1;
    %assign/vec4 v0x7f7f251f4190_0, 0;
    %pushi/vec4 0, 0, 1;
    %assign/vec4 v0x7f7f251f42b0_0, 0;
    %pushi/vec4 0, 0, 1;
    %assign/vec4 v0x7f7f251f3ed0_0, 0;
    %pushi/vec4 0, 0, 2;
    %assign/vec4 v0x7f7f251f3bd0_0, 0;
    %pushi/vec4 0, 0, 1;
    %assign/vec4 v0x7f7f251f3d30_0, 0;
    %pushi/vec4 0, 0, 32;
    %assign/vec4 v0x7f7f251f4d60_0, 0;
    %pushi/vec4 0, 0, 32;
    %assign/vec4 v0x7f7f251f4e80_0, 0;
    %pushi/vec4 0, 0, 32;
    %assign/vec4 v0x7f7f251f3ff0_0, 0;
    %pushi/vec4 0, 0, 10;
    %assign/vec4 v0x7f7f251f5080_0, 0;
    %pushi/vec4 0, 0, 5;
    %assign/vec4 v0x7f7f251f48f0_0, 0;
    %pushi/vec4 0, 0, 5;
    %assign/vec4 v0x7f7f251f4a10_0, 0;
    %pushi/vec4 0, 0, 5;
    %assign/vec4 v0x7f7f251f4790_0, 0;
    %pushi/vec4 0, 0, 32;
    %assign/vec4 v0x7f7f251f4570_0, 0;
T_8.2 ;
T_8.1 ;
    %jmp T_8;
    .thread T_8;
    .scope S_0x7f7f251f19c0;
T_9 ;
    %wait E_0x7f7f251efac0;
    %pushi/vec4 0, 0, 2;
    %store/vec4 v0x7f7f251f1e30_0, 0, 2;
    %pushi/vec4 0, 0, 2;
    %store/vec4 v0x7f7f251f1f00_0, 0, 2;
    %load/vec4 v0x7f7f251f2080_0;
    %load/vec4 v0x7f7f251f1fb0_0;
    %pad/u 32;
    %pushi/vec4 0, 0, 32;
    %cmp/ne;
    %flag_get/vec4 4;
    %and;
    %load/vec4 v0x7f7f251f1fb0_0;
    %load/vec4 v0x7f7f251f1cc0_0;
    %cmp/e;
    %flag_get/vec4 4;
    %and;
    %flag_set/vec4 8;
    %jmp/0xz  T_9.0, 8;
    %pushi/vec4 2, 0, 2;
    %store/vec4 v0x7f7f251f1e30_0, 0, 2;
T_9.0 ;
    %load/vec4 v0x7f7f251f2080_0;
    %load/vec4 v0x7f7f251f1fb0_0;
    %pad/u 32;
    %pushi/vec4 0, 0, 32;
    %cmp/ne;
    %flag_get/vec4 4;
    %and;
    %load/vec4 v0x7f7f251f1fb0_0;
    %load/vec4 v0x7f7f251f1d80_0;
    %cmp/e;
    %flag_get/vec4 4;
    %and;
    %flag_set/vec4 8;
    %jmp/0xz  T_9.2, 8;
    %pushi/vec4 2, 0, 2;
    %store/vec4 v0x7f7f251f1f00_0, 0, 2;
T_9.2 ;
    %load/vec4 v0x7f7f251f21c0_0;
    %load/vec4 v0x7f7f251f2130_0;
    %pad/u 32;
    %pushi/vec4 0, 0, 32;
    %cmp/ne;
    %flag_get/vec4 4;
    %and;
    %load/vec4 v0x7f7f251f2080_0;
    %load/vec4 v0x7f7f251f1fb0_0;
    %pad/u 32;
    %pushi/vec4 0, 0, 32;
    %cmp/ne;
    %flag_get/vec4 4;
    %and;
    %load/vec4 v0x7f7f251f1fb0_0;
    %load/vec4 v0x7f7f251f1cc0_0;
    %cmp/e;
    %flag_get/vec4 4;
    %and;
    %nor/r;
    %and;
    %load/vec4 v0x7f7f251f2130_0;
    %load/vec4 v0x7f7f251f1cc0_0;
    %cmp/e;
    %flag_get/vec4 4;
    %and;
    %flag_set/vec4 8;
    %jmp/0xz  T_9.4, 8;
    %pushi/vec4 1, 0, 2;
    %store/vec4 v0x7f7f251f1e30_0, 0, 2;
T_9.4 ;
    %load/vec4 v0x7f7f251f21c0_0;
    %load/vec4 v0x7f7f251f2130_0;
    %pad/u 32;
    %pushi/vec4 0, 0, 32;
    %cmp/ne;
    %flag_get/vec4 4;
    %and;
    %load/vec4 v0x7f7f251f2080_0;
    %load/vec4 v0x7f7f251f1fb0_0;
    %pad/u 32;
    %pushi/vec4 0, 0, 32;
    %cmp/ne;
    %flag_get/vec4 4;
    %and;
    %load/vec4 v0x7f7f251f1fb0_0;
    %load/vec4 v0x7f7f251f1d80_0;
    %cmp/e;
    %flag_get/vec4 4;
    %and;
    %nor/r;
    %and;
    %load/vec4 v0x7f7f251f2130_0;
    %load/vec4 v0x7f7f251f1d80_0;
    %cmp/e;
    %flag_get/vec4 4;
    %and;
    %flag_set/vec4 8;
    %jmp/0xz  T_9.6, 8;
    %pushi/vec4 1, 0, 2;
    %store/vec4 v0x7f7f251f1f00_0, 0, 2;
T_9.6 ;
    %jmp T_9;
    .thread T_9, $push;
    .scope S_0x7f7f251fa000;
T_10 ;
    %wait E_0x7f7f251fa2b0;
    %pushi/vec4 0, 0, 1;
    %store/vec4 v0x7f7f251fa3a0_0, 0, 1;
    %load/vec4 v0x7f7f251fa6a0_0;
    %load/vec4 v0x7f7f251fa730_0;
    %cmp/ne;
    %flag_get/vec4 4;
    %load/vec4 v0x7f7f251fa2e0_0;
    %and;
    %flag_set/vec4 8;
    %jmp/0xz  T_10.0, 8;
    %pushi/vec4 1, 0, 1;
    %store/vec4 v0x7f7f251fa3a0_0, 0, 1;
    %load/vec4 v0x7f7f251fa6a0_0;
    %flag_set/vec4 8;
    %jmp/0xz  T_10.2, 8;
    %load/vec4 v0x7f7f251fa540_0;
    %load/vec4 v0x7f7f251fa470_0;
    %ix/load 4, 1, 0;
    %flag_set/imm 4, 0;
    %shiftl 4;
    %add;
    %store/vec4 v0x7f7f251fa5d0_0, 0, 32;
    %jmp T_10.3;
T_10.2 ;
    %load/vec4 v0x7f7f251fa540_0;
    %addi 4, 0, 32;
    %store/vec4 v0x7f7f251fa5d0_0, 0, 32;
T_10.3 ;
T_10.0 ;
    %jmp T_10;
    .thread T_10, $push;
    .scope S_0x7f7f251ef900;
T_11 ;
    %wait E_0x7f7f251efb80;
    %pushi/vec4 0, 0, 1;
    %store/vec4 v0x7f7f251efdc0_0, 0, 1;
    %load/vec4 v0x7f7f251efbe0_0;
    %pad/u 32;
    %cmpi/e 1, 0, 32;
    %jmp/0xz  T_11.0, 4;
    %load/vec4 v0x7f7f251efc90_0;
    %store/vec4 v0x7f7f251eff00_0, 0, 32;
    %pushi/vec4 1, 0, 1;
    %store/vec4 v0x7f7f251efdc0_0, 0, 1;
    %jmp T_11.1;
T_11.0 ;
    %load/vec4 v0x7f7f251efd30_0;
    %pad/u 32;
    %cmpi/e 1, 0, 32;
    %jmp/0xz  T_11.2, 4;
    %load/vec4 v0x7f7f251efe50_0;
    %store/vec4 v0x7f7f251eff00_0, 0, 32;
    %pushi/vec4 1, 0, 1;
    %store/vec4 v0x7f7f251efdc0_0, 0, 1;
    %jmp T_11.3;
T_11.2 ;
    %pushi/vec4 0, 0, 1;
    %store/vec4 v0x7f7f251efdc0_0, 0, 1;
T_11.3 ;
T_11.1 ;
    %jmp T_11;
    .thread T_11, $push;
    .scope S_0x7f7f251ee8e0;
T_12 ;
    %wait E_0x7f7f251ea2b0;
    %load/vec4 v0x7f7f251ef700_0;
    %flag_set/vec4 8;
    %jmp/0xz  T_12.0, 8;
    %pushi/vec4 0, 0, 1;
    %assign/vec4 v0x7f7f251ef5e0_0, 0;
    %pushi/vec4 0, 0, 1;
    %assign/vec4 v0x7f7f251ef170_0, 0;
    %pushi/vec4 0, 0, 1;
    %assign/vec4 v0x7f7f251eeed0_0, 0;
    %pushi/vec4 0, 0, 1;
    %assign/vec4 v0x7f7f251ef050_0, 0;
    %pushi/vec4 0, 0, 32;
    %assign/vec4 v0x7f7f251eed70_0, 0;
    %pushi/vec4 0, 0, 32;
    %assign/vec4 v0x7f7f251ef490_0, 0;
    %pushi/vec4 0, 0, 5;
    %assign/vec4 v0x7f7f251ef330_0, 0;
    %jmp T_12.1;
T_12.0 ;
    %load/vec4 v0x7f7f251ef550_0;
    %assign/vec4 v0x7f7f251ef5e0_0, 0;
    %load/vec4 v0x7f7f251ef0e0_0;
    %assign/vec4 v0x7f7f251ef170_0, 0;
    %load/vec4 v0x7f7f251eee20_0;
    %assign/vec4 v0x7f7f251eeed0_0, 0;
    %load/vec4 v0x7f7f251eef80_0;
    %assign/vec4 v0x7f7f251ef050_0, 0;
    %load/vec4 v0x7f7f251eecc0_0;
    %assign/vec4 v0x7f7f251eed70_0, 0;
    %load/vec4 v0x7f7f251ef3e0_0;
    %assign/vec4 v0x7f7f251ef490_0, 0;
    %load/vec4 v0x7f7f251ef200_0;
    %assign/vec4 v0x7f7f251ef330_0, 0;
T_12.1 ;
    %jmp T_12;
    .thread T_12;
    .scope S_0x7f7f251edd70;
T_13 ;
    %wait E_0x7f7f251edf70;
    %load/vec4 v0x7f7f251ee060_0;
    %flag_set/vec4 8;
    %jmp/0xz  T_13.0, 8;
    %load/vec4 v0x7f7f251ee660_0;
    %load/vec4 v0x7f7f251ee4a0_0;
    %ix/load 4, 2, 0;
    %flag_set/imm 4, 0;
    %shiftr 4;
    %ix/vec4 3;
    %ix/load 4, 0, 0; Constant delay
    %assign/vec4/a/d v0x7f7f251ee7b0, 0, 4;
T_13.0 ;
    %jmp T_13;
    .thread T_13;
    .scope S_0x7f7f251f6610;
T_14 ;
    %wait E_0x7f7f251ea2b0;
    %load/vec4 v0x7f7f251f7220_0;
    %flag_set/vec4 8;
    %jmp/0xz  T_14.0, 8;
    %pushi/vec4 0, 0, 1;
    %assign/vec4 v0x7f7f251f6ee0_0, 0;
    %pushi/vec4 0, 0, 1;
    %assign/vec4 v0x7f7f251f6be0_0, 0;
    %pushi/vec4 0, 0, 32;
    %assign/vec4 v0x7f7f251f6a90_0, 0;
    %pushi/vec4 0, 0, 32;
    %assign/vec4 v0x7f7f251f7190_0, 0;
    %pushi/vec4 0, 0, 5;
    %assign/vec4 v0x7f7f251f6d80_0, 0;
    %jmp T_14.1;
T_14.0 ;
    %load/vec4 v0x7f7f251f6e10_0;
    %assign/vec4 v0x7f7f251f6ee0_0, 0;
    %load/vec4 v0x7f7f251f6b30_0;
    %assign/vec4 v0x7f7f251f6be0_0, 0;
    %load/vec4 v0x7f7f251f6970_0;
    %assign/vec4 v0x7f7f251f6a90_0, 0;
    %load/vec4 v0x7f7f251f7100_0;
    %assign/vec4 v0x7f7f251f7190_0, 0;
    %load/vec4 v0x7f7f251f6c70_0;
    %assign/vec4 v0x7f7f251f6d80_0, 0;
T_14.1 ;
    %jmp T_14;
    .thread T_14;
    .scope S_0x7f7f251ce8c0;
T_15 ;
    %delay 25, 0;
    %load/vec4 v0x7f7f251ff2f0_0;
    %inv;
    %store/vec4 v0x7f7f251ff2f0_0, 0, 1;
    %jmp T_15;
    .thread T_15;
    .scope S_0x7f7f251ce8c0;
T_16 ;
    %vpi_call 2 19 "$dumpfile", "CPU.vcd" {0 0 0};
    %vpi_call 2 20 "$dumpvars" {0 0 0};
    %pushi/vec4 0, 0, 32;
    %store/vec4 v0x7f7f251ff410_0, 0, 32;
    %pushi/vec4 0, 0, 32;
    %store/vec4 v0x7f7f251ff4a0_0, 0, 32;
T_16.0 ;
    %load/vec4 v0x7f7f251ff4a0_0;
    %cmpi/s 256, 0, 32;
    %jmp/0xz T_16.1, 5;
    %pushi/vec4 0, 0, 32;
    %ix/getv/s 4, v0x7f7f251ff4a0_0;
    %store/vec4a v0x7f7f251f6560, 4, 0;
    %load/vec4 v0x7f7f251ff4a0_0;
    %addi 1, 0, 32;
    %store/vec4 v0x7f7f251ff4a0_0, 0, 32;
    %jmp T_16.0;
T_16.1 ;
    %pushi/vec4 0, 0, 32;
    %store/vec4 v0x7f7f251ff4a0_0, 0, 32;
T_16.2 ;
    %load/vec4 v0x7f7f251ff4a0_0;
    %cmpi/s 32, 0, 32;
    %jmp/0xz T_16.3, 5;
    %pushi/vec4 0, 0, 32;
    %ix/getv/s 4, v0x7f7f251ff4a0_0;
    %store/vec4a v0x7f7f251ee7b0, 4, 0;
    %load/vec4 v0x7f7f251ff4a0_0;
    %addi 1, 0, 32;
    %store/vec4 v0x7f7f251ff4a0_0, 0, 32;
    %jmp T_16.2;
T_16.3 ;
    %pushi/vec4 5, 0, 32;
    %ix/load 4, 0, 0;
    %flag_set/imm 4, 0;
    %store/vec4a v0x7f7f251ee7b0, 4, 0;
    %pushi/vec4 6, 0, 32;
    %ix/load 4, 1, 0;
    %flag_set/imm 4, 0;
    %store/vec4a v0x7f7f251ee7b0, 4, 0;
    %pushi/vec4 10, 0, 32;
    %ix/load 4, 2, 0;
    %flag_set/imm 4, 0;
    %store/vec4a v0x7f7f251ee7b0, 4, 0;
    %pushi/vec4 18, 0, 32;
    %ix/load 4, 3, 0;
    %flag_set/imm 4, 0;
    %store/vec4a v0x7f7f251ee7b0, 4, 0;
    %pushi/vec4 29, 0, 32;
    %ix/load 4, 4, 0;
    %flag_set/imm 4, 0;
    %store/vec4a v0x7f7f251ee7b0, 4, 0;
    %pushi/vec4 0, 0, 32;
    %store/vec4 v0x7f7f251ff4a0_0, 0, 32;
T_16.4 ;
    %load/vec4 v0x7f7f251ff4a0_0;
    %cmpi/s 32, 0, 32;
    %jmp/0xz T_16.5, 5;
    %pushi/vec4 0, 0, 32;
    %ix/getv/s 4, v0x7f7f251ff4a0_0;
    %store/vec4a v0x7f7f251f9a40, 4, 0;
    %load/vec4 v0x7f7f251ff4a0_0;
    %addi 1, 0, 32;
    %store/vec4 v0x7f7f251ff4a0_0, 0, 32;
    %jmp T_16.4;
T_16.5 ;
    %pushi/vec4 4294967272, 0, 32;
    %ix/load 4, 24, 0;
    %flag_set/imm 4, 0;
    %store/vec4a v0x7f7f251f9a40, 4, 0;
    %pushi/vec4 4294967271, 0, 32;
    %ix/load 4, 25, 0;
    %flag_set/imm 4, 0;
    %store/vec4a v0x7f7f251f9a40, 4, 0;
    %pushi/vec4 4294967270, 0, 32;
    %ix/load 4, 26, 0;
    %flag_set/imm 4, 0;
    %store/vec4a v0x7f7f251f9a40, 4, 0;
    %pushi/vec4 4294967269, 0, 32;
    %ix/load 4, 27, 0;
    %flag_set/imm 4, 0;
    %store/vec4a v0x7f7f251f9a40, 4, 0;
    %pushi/vec4 56, 0, 32;
    %ix/load 4, 28, 0;
    %flag_set/imm 4, 0;
    %store/vec4a v0x7f7f251f9a40, 4, 0;
    %pushi/vec4 58, 0, 32;
    %ix/load 4, 29, 0;
    %flag_set/imm 4, 0;
    %store/vec4a v0x7f7f251f9a40, 4, 0;
    %pushi/vec4 60, 0, 32;
    %ix/load 4, 30, 0;
    %flag_set/imm 4, 0;
    %store/vec4a v0x7f7f251f9a40, 4, 0;
    %pushi/vec4 62, 0, 32;
    %ix/load 4, 31, 0;
    %flag_set/imm 4, 0;
    %store/vec4a v0x7f7f251f9a40, 4, 0;
    %pushi/vec4 0, 0, 32;
    %store/vec4 v0x7f7f251f8840_0, 0, 32;
    %pushi/vec4 3, 0, 2;
    %store/vec4 v0x7f7f251fac90_0, 0, 2;
    %pushi/vec4 1, 0, 1;
    %store/vec4 v0x7f7f251f2760_0, 0, 1;
    %pushi/vec4 0, 0, 1;
    %store/vec4 v0x7f7f251f2a40_0, 0, 1;
    %pushi/vec4 0, 0, 1;
    %store/vec4 v0x7f7f251f26b0_0, 0, 1;
    %pushi/vec4 0, 0, 32;
    %store/vec4 v0x7f7f251f5bb0_0, 0, 32;
    %pushi/vec4 0, 0, 32;
    %store/vec4 v0x7f7f251f58d0_0, 0, 32;
    %pushi/vec4 0, 0, 1;
    %store/vec4 v0x7f7f251f4b50_0, 0, 1;
    %pushi/vec4 0, 0, 1;
    %store/vec4 v0x7f7f251f4410_0, 0, 1;
    %pushi/vec4 0, 0, 1;
    %store/vec4 v0x7f7f251f4190_0, 0, 1;
    %pushi/vec4 0, 0, 1;
    %store/vec4 v0x7f7f251f42b0_0, 0, 1;
    %pushi/vec4 0, 0, 1;
    %store/vec4 v0x7f7f251f3ed0_0, 0, 1;
    %pushi/vec4 0, 0, 2;
    %store/vec4 v0x7f7f251f3bd0_0, 0, 2;
    %pushi/vec4 0, 0, 1;
    %store/vec4 v0x7f7f251f3d30_0, 0, 1;
    %pushi/vec4 0, 0, 32;
    %store/vec4 v0x7f7f251f4d60_0, 0, 32;
    %pushi/vec4 0, 0, 32;
    %store/vec4 v0x7f7f251f4e80_0, 0, 32;
    %pushi/vec4 0, 0, 32;
    %store/vec4 v0x7f7f251f3ff0_0, 0, 32;
    %pushi/vec4 0, 0, 10;
    %store/vec4 v0x7f7f251f5080_0, 0, 10;
    %pushi/vec4 0, 0, 5;
    %store/vec4 v0x7f7f251f48f0_0, 0, 5;
    %pushi/vec4 0, 0, 5;
    %store/vec4 v0x7f7f251f4a10_0, 0, 5;
    %pushi/vec4 0, 0, 5;
    %store/vec4 v0x7f7f251f4790_0, 0, 5;
    %pushi/vec4 0, 0, 32;
    %store/vec4 v0x7f7f251eed70_0, 0, 32;
    %pushi/vec4 0, 0, 1;
    %store/vec4 v0x7f7f251ef5e0_0, 0, 1;
    %pushi/vec4 0, 0, 1;
    %store/vec4 v0x7f7f251ef170_0, 0, 1;
    %pushi/vec4 0, 0, 1;
    %store/vec4 v0x7f7f251eeed0_0, 0, 1;
    %pushi/vec4 0, 0, 1;
    %store/vec4 v0x7f7f251ef050_0, 0, 1;
    %pushi/vec4 0, 0, 32;
    %store/vec4 v0x7f7f251ef490_0, 0, 32;
    %pushi/vec4 0, 0, 5;
    %store/vec4 v0x7f7f251ef330_0, 0, 5;
    %pushi/vec4 0, 0, 1;
    %store/vec4 v0x7f7f251f6ee0_0, 0, 1;
    %pushi/vec4 0, 0, 1;
    %store/vec4 v0x7f7f251f6be0_0, 0, 1;
    %pushi/vec4 0, 0, 32;
    %store/vec4 v0x7f7f251f6a90_0, 0, 32;
    %pushi/vec4 0, 0, 32;
    %store/vec4 v0x7f7f251f7190_0, 0, 32;
    %pushi/vec4 0, 0, 5;
    %store/vec4 v0x7f7f251f6d80_0, 0, 5;
    %vpi_call 2 96 "$readmemb", "instruction.txt", v0x7f7f251f6560 {0 0 0};
    %vpi_func 2 100 "$fopen" 32, "output.txt" {0 0 0};
    %pushi/vec4 1, 0, 32;
    %or;
    %store/vec4 v0x7f7f251ff530_0, 0, 32;
    %pushi/vec4 1, 0, 1;
    %store/vec4 v0x7f7f251ff2f0_0, 0, 1;
    %pushi/vec4 0, 0, 1;
    %store/vec4 v0x7f7f251ff380_0, 0, 1;
    %delay 12, 0;
    %pushi/vec4 1, 0, 1;
    %store/vec4 v0x7f7f251ff380_0, 0, 1;
    %delay 12, 0;
    %pushi/vec4 0, 0, 1;
    %store/vec4 v0x7f7f251ff380_0, 0, 1;
    %end;
    .thread T_16;
    .scope S_0x7f7f251ce8c0;
T_17 ;
    %wait E_0x7f7f251edf70;
    %load/vec4 v0x7f7f251ff410_0;
    %cmpi/e 64, 0, 32;
    %jmp/0xz  T_17.0, 4;
    %vpi_call 2 115 "$finish" {0 0 0};
T_17.0 ;
    %vpi_call 2 118 "$fdisplay", v0x7f7f251ff530_0, "cycle = %6d, PC = %6d, ", v0x7f7f251ff410_0, v0x7f7f251f8840_0 {0 0 0};
    %vpi_call 2 119 "$fdisplay", v0x7f7f251ff530_0, "Predict = %6d, IFID_Flush = %6d", v0x7f7f251fad20_0, v0x7f7f251f5a30_0 {0 0 0};
    %load/vec4 v0x7f7f251f3ed0_0;
    %cmpi/e 1, 0, 1;
    %jmp/0xz  T_17.2, 4;
    %vpi_call 2 121 "$fdisplay", v0x7f7f251ff530_0, "ALU_out = %6d", v0x7f7f251e64e0_0 {0 0 0};
T_17.2 ;
    %vpi_call 2 124 "$fdisplay", v0x7f7f251ff530_0, "Registers" {0 0 0};
    %vpi_call 2 125 "$fdisplay", v0x7f7f251ff530_0, "x0 = %6d, x8  = %6d, x16 = %6d, x24 = %6d", &A<v0x7f7f251f9a40, 0>, &A<v0x7f7f251f9a40, 8>, &A<v0x7f7f251f9a40, 16>, &A<v0x7f7f251f9a40, 24> {0 0 0};
    %vpi_call 2 126 "$fdisplay", v0x7f7f251ff530_0, "x1 = %6d, x9  = %6d, x17 = %6d, x25 = %6d", &A<v0x7f7f251f9a40, 1>, &A<v0x7f7f251f9a40, 9>, &A<v0x7f7f251f9a40, 17>, &A<v0x7f7f251f9a40, 25> {0 0 0};
    %vpi_call 2 127 "$fdisplay", v0x7f7f251ff530_0, "x2 = %6d, x10 = %6d, x18 = %6d, x26 = %6d", &A<v0x7f7f251f9a40, 2>, &A<v0x7f7f251f9a40, 10>, &A<v0x7f7f251f9a40, 18>, &A<v0x7f7f251f9a40, 26> {0 0 0};
    %vpi_call 2 128 "$fdisplay", v0x7f7f251ff530_0, "x3 = %6d, x11 = %6d, x19 = %6d, x27 = %6d", &A<v0x7f7f251f9a40, 3>, &A<v0x7f7f251f9a40, 11>, &A<v0x7f7f251f9a40, 19>, &A<v0x7f7f251f9a40, 27> {0 0 0};
    %vpi_call 2 129 "$fdisplay", v0x7f7f251ff530_0, "x4 = %6d, x12 = %6d, x20 = %6d, x28 = %6d", &A<v0x7f7f251f9a40, 4>, &A<v0x7f7f251f9a40, 12>, &A<v0x7f7f251f9a40, 20>, &A<v0x7f7f251f9a40, 28> {0 0 0};
    %vpi_call 2 130 "$fdisplay", v0x7f7f251ff530_0, "x5 = %6d, x13 = %6d, x21 = %6d, x29 = %6d", &A<v0x7f7f251f9a40, 5>, &A<v0x7f7f251f9a40, 13>, &A<v0x7f7f251f9a40, 21>, &A<v0x7f7f251f9a40, 29> {0 0 0};
    %vpi_call 2 131 "$fdisplay", v0x7f7f251ff530_0, "x6 = %6d, x14 = %6d, x22 = %6d, x30 = %6d", &A<v0x7f7f251f9a40, 6>, &A<v0x7f7f251f9a40, 14>, &A<v0x7f7f251f9a40, 22>, &A<v0x7f7f251f9a40, 30> {0 0 0};
    %vpi_call 2 132 "$fdisplay", v0x7f7f251ff530_0, "x7 = %6d, x15 = %6d, x23 = %6d, x31 = %6d", &A<v0x7f7f251f9a40, 7>, &A<v0x7f7f251f9a40, 15>, &A<v0x7f7f251f9a40, 23>, &A<v0x7f7f251f9a40, 31> {0 0 0};
    %vpi_call 2 136 "$fdisplay", v0x7f7f251ff530_0, "Data Memory: 0x00 = %6d", &A<v0x7f7f251ee7b0, 0> {0 0 0};
    %vpi_call 2 137 "$fdisplay", v0x7f7f251ff530_0, "Data Memory: 0x04 = %6d", &A<v0x7f7f251ee7b0, 1> {0 0 0};
    %vpi_call 2 138 "$fdisplay", v0x7f7f251ff530_0, "Data Memory: 0x08 = %6d", &A<v0x7f7f251ee7b0, 2> {0 0 0};
    %vpi_call 2 139 "$fdisplay", v0x7f7f251ff530_0, "Data Memory: 0x0C = %6d", &A<v0x7f7f251ee7b0, 3> {0 0 0};
    %vpi_call 2 140 "$fdisplay", v0x7f7f251ff530_0, "Data Memory: 0x10 = %6d", &A<v0x7f7f251ee7b0, 4> {0 0 0};
    %vpi_call 2 141 "$fdisplay", v0x7f7f251ff530_0, "Data Memory: 0x14 = %6d", &A<v0x7f7f251ee7b0, 5> {0 0 0};
    %vpi_call 2 142 "$fdisplay", v0x7f7f251ff530_0, "Data Memory: 0x18 = %6d", &A<v0x7f7f251ee7b0, 6> {0 0 0};
    %vpi_call 2 143 "$fdisplay", v0x7f7f251ff530_0, "Data Memory: 0x1C = %6d", &A<v0x7f7f251ee7b0, 7> {0 0 0};
    %vpi_call 2 145 "$fdisplay", v0x7f7f251ff530_0, "\012" {0 0 0};
    %load/vec4 v0x7f7f251ff410_0;
    %addi 1, 0, 32;
    %store/vec4 v0x7f7f251ff410_0, 0, 32;
    %jmp T_17;
    .thread T_17;
# The file index is used to find the file name in the following table.
:file_names 26;
    "N/A";
    "<interactive>";
    "testbench.v";
    "CPU.v";
    "ALU.v";
    "ALU_Control.v";
    "Adder.v";
    "Control.v";
    "Data_Memory.v";
    "EX_MEM.v";
    "Flush.v";
    "MUX32_4.v";
    "Forwarding.v";
    "Hazard_Detection.v";
    "Branch.v";
    "ID_EX.v";
    "IF_ID.v";
    "Instruction_Memory.v";
    "MEM_WB.v";
    "MUX32.v";
    "PC.v";
    "Registers.v";
    "Sign_Extend.v";
    "branch_check.v";
    "branch_predictor.v";
    "branch_result.v";
